<?xml version="1.0" encoding="UTF-8"?>
<coverage generated="1659641726839" clover="3.2.0">
  <project timestamp="1659641726839" name="All files">
    <metrics statements="202" coveredstatements="196" conditionals="34" coveredconditionals="20" methods="46" coveredmethods="41" elements="282" coveredelements="257" complexity="0" loc="202" ncloc="202" packages="14" files="22" classes="22"/>
    <package name="src">
      <metrics statements="7" coveredstatements="7" conditionals="0" coveredconditionals="0" methods="0" coveredmethods="0"/>
      <file name="app.ts" path="/home/lucasmachado/Documentos/goori/repos/user-pool/src/app.ts">
        <metrics statements="7" coveredstatements="7" conditionals="0" coveredconditionals="0" methods="0" coveredmethods="0"/>
        <line num="1" count="2" type="stmt"/>
        <line num="2" count="2" type="stmt"/>
        <line num="3" count="2" type="stmt"/>
        <line num="5" count="2" type="stmt"/>
        <line num="6" count="2" type="stmt"/>
        <line num="7" count="2" type="stmt"/>
        <line num="9" count="2" type="stmt"/>
      </file>
    </package>
    <package name="src.entities.accessKey">
      <metrics statements="44" coveredstatements="44" conditionals="6" coveredconditionals="1" methods="9" coveredmethods="9"/>
      <file name="accessKey.ts" path="/home/lucasmachado/Documentos/goori/repos/user-pool/src/entities/accessKey/accessKey.ts">
        <metrics statements="43" coveredstatements="43" conditionals="6" coveredconditionals="1" methods="9" coveredmethods="9"/>
        <line num="1" count="4" type="stmt"/>
        <line num="4" count="1080" type="stmt"/>
        <line num="5" count="1080" type="stmt"/>
        <line num="6" count="1080" type="stmt"/>
        <line num="10" count="40535" type="stmt"/>
        <line num="13" count="4" type="stmt"/>
        <line num="14" count="4" type="stmt"/>
        <line num="16" count="109" type="stmt"/>
        <line num="17" count="109" type="stmt"/>
        <line num="21" count="108" type="stmt"/>
        <line num="25" count="109" type="stmt"/>
        <line num="26" count="109" type="stmt"/>
        <line num="27" count="109" type="cond" truecount="0" falsecount="1"/>
        <line num="28" count="109" type="cond" truecount="0" falsecount="1"/>
        <line num="29" count="109" type="cond" truecount="0" falsecount="1"/>
        <line num="31" count="109" type="stmt"/>
        <line num="32" count="109" type="cond" truecount="0" falsecount="1"/>
        <line num="36" count="108" type="stmt"/>
        <line num="37" count="108" type="stmt"/>
        <line num="38" count="108" type="stmt"/>
        <line num="40" count="108" type="stmt"/>
        <line num="41" count="108" type="stmt"/>
        <line num="45" count="216" type="stmt"/>
        <line num="46" count="216" type="stmt"/>
        <line num="47" count="216" type="stmt"/>
        <line num="48" count="1080" type="stmt"/>
        <line num="49" count="1080" type="stmt"/>
        <line num="50" count="1080" type="stmt"/>
        <line num="52" count="216" type="stmt"/>
        <line num="56" count="217" type="stmt"/>
        <line num="57" count="217" type="stmt"/>
        <line num="58" count="217" type="stmt"/>
        <line num="59" count="217" type="cond" truecount="0" falsecount="1"/>
        <line num="61" count="217" type="stmt"/>
        <line num="62" count="217" type="stmt"/>
        <line num="63" count="1085" type="stmt"/>
        <line num="64" count="1085" type="stmt"/>
        <line num="66" count="1085" type="stmt"/>
        <line num="67" count="1085" type="stmt"/>
        <line num="69" count="1085" type="stmt"/>
        <line num="70" count="1085" type="cond" truecount="1" falsecount="0"/>
        <line num="71" count="1085" type="stmt"/>
        <line num="74" count="217" type="stmt"/>
      </file>
      <file name="index.ts" path="/home/lucasmachado/Documentos/goori/repos/user-pool/src/entities/accessKey/index.ts">
        <metrics statements="1" coveredstatements="1" conditionals="0" coveredconditionals="0" methods="0" coveredmethods="0"/>
        <line num="1" count="4" type="stmt"/>
      </file>
    </package>
    <package name="src.entities.consumer">
      <metrics statements="25" coveredstatements="24" conditionals="6" coveredconditionals="4" methods="6" coveredmethods="6"/>
      <file name="consumer.ts" path="/home/lucasmachado/Documentos/goori/repos/user-pool/src/entities/consumer/consumer.ts">
        <metrics statements="21" coveredstatements="20" conditionals="6" coveredconditionals="4" methods="6" coveredmethods="6"/>
        <line num="3" count="3" type="stmt"/>
        <line num="4" count="3" type="stmt"/>
        <line num="5" count="3" type="stmt"/>
        <line num="6" count="3" type="stmt"/>
        <line num="8" count="3" type="stmt"/>
        <line num="14" count="9" type="stmt"/>
        <line num="15" count="9" type="stmt"/>
        <line num="17" count="9" type="cond" truecount="3" falsecount="0"/>
        <line num="18" count="7" type="stmt"/>
        <line num="19" count="5" type="stmt"/>
        <line num="20" count="4" type="stmt"/>
        <line num="24" count="4" type="cond" truecount="0" falsecount="1"/>
        <line num="25" count="4" type="stmt"/>
        <line num="26" count="4" type="stmt"/>
        <line num="30" count="4" type="stmt"/>
        <line num="34" count="4" type="stmt"/>
        <line num="38" count="4" type="stmt"/>
        <line num="42" count="4" type="cond" truecount="1" falsecount="1"/>
        <line num="43" count="4" type="stmt"/>
        <line num="44" count="4" type="stmt"/>
        <line num="47" count="0" type="stmt"/>
      </file>
      <file name="index.ts" path="/home/lucasmachado/Documentos/goori/repos/user-pool/src/entities/consumer/index.ts">
        <metrics statements="4" coveredstatements="4" conditionals="0" coveredconditionals="0" methods="0" coveredmethods="0"/>
        <line num="1" count="3" type="stmt"/>
        <line num="2" count="3" type="stmt"/>
        <line num="3" count="3" type="stmt"/>
        <line num="4" count="3" type="stmt"/>
      </file>
    </package>
    <package name="src.entities.consumer.adapters">
      <metrics statements="2" coveredstatements="2" conditionals="0" coveredconditionals="0" methods="1" coveredmethods="1"/>
      <file name="repository.ts" path="/home/lucasmachado/Documentos/goori/repos/user-pool/src/entities/consumer/adapters/repository.ts">
        <metrics statements="2" coveredstatements="2" conditionals="0" coveredconditionals="0" methods="1" coveredmethods="1"/>
        <line num="4" count="3" type="stmt"/>
        <line num="6" count="3" type="stmt"/>
      </file>
    </package>
    <package name="src.entities.consumer.factories">
      <metrics statements="5" coveredstatements="5" conditionals="0" coveredconditionals="0" methods="1" coveredmethods="1"/>
      <file name="createConsumer.ts" path="/home/lucasmachado/Documentos/goori/repos/user-pool/src/entities/consumer/factories/createConsumer.ts">
        <metrics statements="5" coveredstatements="5" conditionals="0" coveredconditionals="0" methods="1" coveredmethods="1"/>
        <line num="1" count="3" type="stmt"/>
        <line num="3" count="3" type="stmt"/>
        <line num="5" count="3" type="stmt"/>
        <line num="6" count="8" type="stmt"/>
        <line num="8" count="8" type="stmt"/>
      </file>
    </package>
    <package name="src.entities.email">
      <metrics statements="11" coveredstatements="11" conditionals="1" coveredconditionals="1" methods="3" coveredmethods="3"/>
      <file name="email.ts" path="/home/lucasmachado/Documentos/goori/repos/user-pool/src/entities/email/email.ts">
        <metrics statements="10" coveredstatements="10" conditionals="1" coveredconditionals="1" methods="3" coveredmethods="3"/>
        <line num="1" count="4" type="stmt"/>
        <line num="3" count="4" type="stmt"/>
        <line num="4" count="16" type="stmt"/>
        <line num="6" count="16" type="stmt"/>
        <line num="7" count="16" type="stmt"/>
        <line num="11" count="3" type="stmt"/>
        <line num="15" count="16" type="stmt"/>
        <line num="16" count="16" type="stmt"/>
        <line num="19" count="14" type="cond" truecount="1" falsecount="0"/>
        <line num="22" count="8" type="stmt"/>
      </file>
      <file name="index.ts" path="/home/lucasmachado/Documentos/goori/repos/user-pool/src/entities/email/index.ts">
        <metrics statements="1" coveredstatements="1" conditionals="0" coveredconditionals="0" methods="0" coveredmethods="0"/>
        <line num="1" count="4" type="stmt"/>
      </file>
    </package>
    <package name="src.entities.master">
      <metrics statements="19" coveredstatements="19" conditionals="1" coveredconditionals="1" methods="4" coveredmethods="4"/>
      <file name="index.ts" path="/home/lucasmachado/Documentos/goori/repos/user-pool/src/entities/master/index.ts">
        <metrics statements="5" coveredstatements="5" conditionals="0" coveredconditionals="0" methods="0" coveredmethods="0"/>
        <line num="1" count="3" type="stmt"/>
        <line num="2" count="3" type="stmt"/>
        <line num="3" count="3" type="stmt"/>
        <line num="4" count="3" type="stmt"/>
        <line num="6" count="3" type="stmt"/>
      </file>
      <file name="master.ts" path="/home/lucasmachado/Documentos/goori/repos/user-pool/src/entities/master/master.ts">
        <metrics statements="14" coveredstatements="14" conditionals="1" coveredconditionals="1" methods="4" coveredmethods="4"/>
        <line num="1" count="3" type="stmt"/>
        <line num="6" count="3" type="stmt"/>
        <line num="8" count="5" type="stmt"/>
        <line num="9" count="5" type="stmt"/>
        <line num="10" count="5" type="stmt"/>
        <line num="14" count="4" type="cond" truecount="1" falsecount="0"/>
        <line num="15" count="2" type="stmt"/>
        <line num="17" count="2" type="stmt"/>
        <line num="18" count="2" type="stmt"/>
        <line num="22" count="10" type="stmt"/>
        <line num="23" count="10" type="stmt"/>
        <line num="24" count="8" type="stmt"/>
        <line num="27" count="2" type="stmt"/>
        <line num="32" count="4" type="stmt"/>
      </file>
    </package>
    <package name="src.entities.master.adapters">
      <metrics statements="8" coveredstatements="8" conditionals="2" coveredconditionals="1" methods="2" coveredmethods="2"/>
      <file name="tokenizer.ts" path="/home/lucasmachado/Documentos/goori/repos/user-pool/src/entities/master/adapters/tokenizer.ts">
        <metrics statements="8" coveredstatements="8" conditionals="2" coveredconditionals="1" methods="2" coveredmethods="2"/>
        <line num="2" count="4" type="stmt"/>
        <line num="4" count="4" type="stmt"/>
        <line num="6" count="5" type="stmt"/>
        <line num="10" count="12" type="stmt"/>
        <line num="11" count="12" type="stmt"/>
        <line num="12" count="9" type="cond" truecount="1" falsecount="1"/>
        <line num="13" count="9" type="stmt"/>
        <line num="16" count="3" type="stmt"/>
      </file>
    </package>
    <package name="src.entities.master.factories">
      <metrics statements="7" coveredstatements="7" conditionals="4" coveredconditionals="2" methods="1" coveredmethods="1"/>
      <file name="createMaster.ts" path="/home/lucasmachado/Documentos/goori/repos/user-pool/src/entities/master/factories/createMaster.ts">
        <metrics statements="7" coveredstatements="7" conditionals="4" coveredconditionals="2" methods="1" coveredmethods="1"/>
        <line num="1" count="3" type="stmt"/>
        <line num="2" count="3" type="stmt"/>
        <line num="4" count="3" type="stmt"/>
        <line num="5" count="3" type="cond" truecount="1" falsecount="1"/>
        <line num="6" count="3" type="cond" truecount="1" falsecount="1"/>
        <line num="7" count="3" type="stmt"/>
        <line num="9" count="3" type="stmt"/>
      </file>
    </package>
    <package name="src.entities.origin">
      <metrics statements="21" coveredstatements="19" conditionals="6" coveredconditionals="6" methods="7" coveredmethods="4"/>
      <file name="host.ts" path="/home/lucasmachado/Documentos/goori/repos/user-pool/src/entities/origin/host.ts">
        <metrics statements="9" coveredstatements="8" conditionals="4" coveredconditionals="4" methods="3" coveredmethods="2"/>
        <line num="1" count="4" type="stmt"/>
        <line num="3" count="4" type="stmt"/>
        <line num="5" count="21" type="stmt"/>
        <line num="6" count="21" type="stmt"/>
        <line num="10" count="21" type="stmt"/>
        <line num="11" count="21" type="cond" truecount="3" falsecount="0"/>
        <line num="13" count="18" type="stmt"/>
        <line num="14" count="18" type="cond" truecount="1" falsecount="0"/>
        <line num="18" count="0" type="stmt"/>
      </file>
      <file name="index.ts" path="/home/lucasmachado/Documentos/goori/repos/user-pool/src/entities/origin/index.ts">
        <metrics statements="2" coveredstatements="2" conditionals="0" coveredconditionals="0" methods="0" coveredmethods="0"/>
        <line num="1" count="4" type="stmt"/>
        <line num="2" count="4" type="stmt"/>
      </file>
      <file name="origin.ts" path="/home/lucasmachado/Documentos/goori/repos/user-pool/src/entities/origin/origin.ts">
        <metrics statements="10" coveredstatements="9" conditionals="2" coveredconditionals="2" methods="4" coveredmethods="2"/>
        <line num="1" count="4" type="stmt"/>
        <line num="2" count="4" type="stmt"/>
        <line num="4" count="4" type="stmt"/>
        <line num="5" count="16" type="stmt"/>
        <line num="7" count="16" type="stmt"/>
        <line num="8" count="16" type="cond" truecount="1" falsecount="0"/>
        <line num="9" count="14" type="cond" truecount="1" falsecount="0"/>
        <line num="10" count="13" type="stmt"/>
        <line num="11" count="21" type="stmt"/>
        <line num="16" count="0" type="stmt"/>
      </file>
    </package>
    <package name="src.entities.webError">
      <metrics statements="13" coveredstatements="10" conditionals="1" coveredconditionals="0" methods="5" coveredmethods="3"/>
      <file name="index.ts" path="/home/lucasmachado/Documentos/goori/repos/user-pool/src/entities/webError/index.ts">
        <metrics statements="13" coveredstatements="10" conditionals="1" coveredconditionals="0" methods="5" coveredmethods="3"/>
        <line num="7" count="7" type="stmt"/>
        <line num="8" count="0" type="stmt"/>
        <line num="11" count="7" type="stmt"/>
        <line num="12" count="25" type="stmt"/>
        <line num="14" count="25" type="cond" truecount="0" falsecount="1"/>
        <line num="15" count="25" type="stmt"/>
        <line num="19" count="0" type="stmt"/>
        <line num="23" count="6" type="stmt"/>
        <line num="24" count="6" type="stmt"/>
        <line num="25" count="0" type="stmt"/>
        <line num="27" count="6" type="stmt"/>
        <line num="28" count="6" type="stmt"/>
        <line num="32" count="12" type="stmt"/>
      </file>
    </package>
    <package name="src.routes">
      <metrics statements="28" coveredstatements="28" conditionals="5" coveredconditionals="3" methods="5" coveredmethods="5"/>
      <file name="master.ts" path="/home/lucasmachado/Documentos/goori/repos/user-pool/src/routes/master.ts">
        <metrics statements="20" coveredstatements="20" conditionals="4" coveredconditionals="2" methods="4" coveredmethods="4"/>
        <line num="1" count="2" type="stmt"/>
        <line num="2" count="2" type="stmt"/>
        <line num="3" count="2" type="stmt"/>
        <line num="4" count="2" type="stmt"/>
        <line num="6" count="2" type="stmt"/>
        <line num="8" count="2" type="stmt"/>
        <line num="9" count="2" type="stmt"/>
        <line num="10" count="2" type="stmt"/>
        <line num="11" count="2" type="stmt"/>
        <line num="12" count="1" type="stmt"/>
        <line num="18" count="1" type="cond" truecount="1" falsecount="1"/>
        <line num="26" count="8" type="stmt"/>
        <line num="27" count="8" type="stmt"/>
        <line num="28" count="8" type="stmt"/>
        <line num="29" count="8" type="stmt"/>
        <line num="30" count="8" type="stmt"/>
        <line num="31" count="3" type="stmt"/>
        <line num="32" count="3" type="stmt"/>
        <line num="39" count="5" type="cond" truecount="1" falsecount="1"/>
        <line num="47" count="2" type="stmt"/>
      </file>
      <file name="master.verify.middleware.ts" path="/home/lucasmachado/Documentos/goori/repos/user-pool/src/routes/master.verify.middleware.ts">
        <metrics statements="8" coveredstatements="8" conditionals="1" coveredconditionals="1" methods="1" coveredmethods="1"/>
        <line num="7" count="2" type="stmt"/>
        <line num="9" count="2" type="stmt"/>
        <line num="10" count="10" type="stmt"/>
        <line num="11" count="10" type="stmt"/>
        <line num="13" count="10" type="cond" truecount="1" falsecount="0"/>
        <line num="15" count="2" type="stmt"/>
        <line num="16" count="2" type="stmt"/>
        <line num="17" count="2" type="stmt"/>
      </file>
    </package>
    <package name="src.utils">
      <metrics statements="5" coveredstatements="5" conditionals="0" coveredconditionals="0" methods="1" coveredmethods="1"/>
      <file name="createRoutePath.ts" path="/home/lucasmachado/Documentos/goori/repos/user-pool/src/utils/createRoutePath.ts">
        <metrics statements="5" coveredstatements="5" conditionals="0" coveredconditionals="0" methods="1" coveredmethods="1"/>
        <line num="1" count="2" type="stmt"/>
        <line num="3" count="2" type="stmt"/>
        <line num="4" count="2" type="stmt"/>
        <line num="5" count="2" type="stmt"/>
        <line num="6" count="2" type="stmt"/>
      </file>
    </package>
    <package name="tests.mocks">
      <metrics statements="7" coveredstatements="7" conditionals="2" coveredconditionals="1" methods="1" coveredmethods="1"/>
      <file name="consumerRepositoryMock.ts" path="/home/lucasmachado/Documentos/goori/repos/user-pool/tests/mocks/consumerRepositoryMock.ts">
        <metrics statements="3" coveredstatements="3" conditionals="0" coveredconditionals="0" methods="1" coveredmethods="1"/>
        <line num="3" count="1" type="stmt"/>
        <line num="8" count="1" type="stmt"/>
        <line num="10" count="1" type="stmt"/>
      </file>
      <file name="masterAccessToken.ts" path="/home/lucasmachado/Documentos/goori/repos/user-pool/tests/mocks/masterAccessToken.ts">
        <metrics statements="4" coveredstatements="4" conditionals="2" coveredconditionals="1" methods="0" coveredmethods="0"/>
        <line num="1" count="1" type="stmt"/>
        <line num="2" count="1" type="cond" truecount="1" falsecount="1"/>
        <line num="3" count="1" type="stmt"/>
        <line num="4" count="1" type="stmt"/>
      </file>
    </package>
  </project>
</coverage>
