{"/home/lucasmachado/Documentos/goori/repos/user-pool/src/adapters/ConsumerMemoryRepository.ts": {"path":"/home/lucasmachado/Documentos/goori/repos/user-pool/src/adapters/ConsumerMemoryRepository.ts","statementMap":{"0":{"start":{"line":1,"column":0},"end":{"line":1,"column":59}},"1":{"start":{"line":2,"column":0},"end":{"line":2,"column":39}},"2":{"start":{"line":4,"column":0},"end":{"line":4,"column":56}},"3":{"start":{"line":5,"column":0},"end":{"line":5,"column":34}},"4":{"start":{"line":18,"column":53},"end":{"line":18,"column":55}},"5":{"start":{"line":23,"column":38},"end":{"line":27,"column":null}},"6":{"start":{"line":29,"column":28},"end":{"line":33,"column":null}},"7":{"start":{"line":36,"column":4},"end":{"line":36,"column":null}},"8":{"start":{"line":36,"column":57},"end":{"line":36,"column":null}},"9":{"start":{"line":37,"column":4},"end":{"line":37,"column":null}},"10":{"start":{"line":39,"column":4},"end":{"line":39,"column":null}},"11":{"start":{"line":43,"column":19},"end":{"line":43,"column":92}},"12":{"start":{"line":43,"column":64},"end":{"line":43,"column":90}},"13":{"start":{"line":44,"column":22},"end":{"line":46,"column":6}},"14":{"start":{"line":45,"column":6},"end":{"line":45,"column":null}},"15":{"start":{"line":47,"column":4},"end":{"line":47,"column":null}},"16":{"start":{"line":51,"column":22},"end":{"line":53,"column":6}},"17":{"start":{"line":52,"column":6},"end":{"line":52,"column":null}},"18":{"start":{"line":54,"column":4},"end":{"line":54,"column":null}},"19":{"start":{"line":58,"column":22},"end":{"line":58,"column":51}},"20":{"start":{"line":59,"column":4},"end":{"line":59,"column":null}},"21":{"start":{"line":59,"column":30},"end":{"line":59,"column":null}},"22":{"start":{"line":60,"column":4},"end":{"line":60,"column":null}},"23":{"start":{"line":64,"column":31},"end":{"line":64,"column":95}},"24":{"start":{"line":64,"column":74},"end":{"line":64,"column":94}},"25":{"start":{"line":65,"column":4},"end":{"line":65,"column":null}},"26":{"start":{"line":65,"column":41},"end":{"line":65,"column":null}},"27":{"start":{"line":66,"column":4},"end":{"line":66,"column":null}},"28":{"start":{"line":70,"column":21},"end":{"line":70,"column":50}},"29":{"start":{"line":71,"column":38},"end":{"line":75,"column":null}},"30":{"start":{"line":76,"column":4},"end":{"line":76,"column":null}},"31":{"start":{"line":77,"column":4},"end":{"line":77,"column":null}},"32":{"start":{"line":20,"column":0},"end":{"line":20,"column":13}}},"fnMap":{"0":{"name":"(anonymous_7)","decl":{"start":{"line":21,"column":8},"end":{"line":21,"column":12}},"loc":{"start":{"line":21,"column":31},"end":{"line":40,"column":null}}},"1":{"name":"(anonymous_9)","decl":{"start":{"line":42,"column":8},"end":{"line":42,"column":19}},"loc":{"start":{"line":42,"column":33},"end":{"line":48,"column":null}}},"2":{"name":"(anonymous_11)","decl":{"start":{"line":43,"column":50},"end":{"line":43,"column":60}},"loc":{"start":{"line":43,"column":64},"end":{"line":43,"column":90}}},"3":{"name":"(anonymous_12)","decl":{"start":{"line":44,"column":34},"end":{"line":44,"column":44}},"loc":{"start":{"line":44,"column":47},"end":{"line":46,"column":5}}},"4":{"name":"(anonymous_13)","decl":{"start":{"line":50,"column":8},"end":{"line":50,"column":14}},"loc":{"start":{"line":50,"column":14},"end":{"line":55,"column":null}}},"5":{"name":"(anonymous_15)","decl":{"start":{"line":51,"column":49},"end":{"line":51,"column":50}},"loc":{"start":{"line":51,"column":63},"end":{"line":53,"column":5}}},"6":{"name":"(anonymous_16)","decl":{"start":{"line":57,"column":16},"end":{"line":57,"column":27}},"loc":{"start":{"line":57,"column":41},"end":{"line":61,"column":null}}},"7":{"name":"(anonymous_18)","decl":{"start":{"line":63,"column":8},"end":{"line":63,"column":16}},"loc":{"start":{"line":63,"column":27},"end":{"line":67,"column":null}}},"8":{"name":"(anonymous_20)","decl":{"start":{"line":64,"column":60},"end":{"line":64,"column":70}},"loc":{"start":{"line":64,"column":74},"end":{"line":64,"column":94}}},"9":{"name":"(anonymous_21)","decl":{"start":{"line":69,"column":10},"end":{"line":69,"column":38}},"loc":{"start":{"line":69,"column":69},"end":{"line":78,"column":3}}}},"branchMap":{"0":{"loc":{"start":{"line":36,"column":4},"end":{"line":36,"column":null}},"type":"if","locations":[{"start":{"line":36,"column":4},"end":{"line":36,"column":null}}]},"1":{"loc":{"start":{"line":59,"column":4},"end":{"line":59,"column":null}},"type":"if","locations":[{"start":{"line":59,"column":4},"end":{"line":59,"column":null}}]},"2":{"loc":{"start":{"line":65,"column":4},"end":{"line":65,"column":null}},"type":"if","locations":[{"start":{"line":65,"column":4},"end":{"line":65,"column":null}}]}},"s":{"0":10,"1":10,"2":10,"3":10,"4":10,"5":12,"6":12,"7":12,"8":1,"9":11,"10":11,"11":12,"12":10,"13":12,"14":1,"15":12,"16":3,"17":1,"18":3,"19":12,"20":12,"21":1,"22":11,"23":11,"24":11,"25":11,"26":3,"27":8,"28":10,"29":10,"30":10,"31":10,"32":10},"f":{"0":12,"1":12,"2":10,"3":1,"4":3,"5":1,"6":12,"7":11,"8":11,"9":10},"b":{"0":[1],"1":[1],"2":[3]}}
,"/home/lucasmachado/Documentos/goori/repos/user-pool/src/adapters/GroupMemoryRepository.ts": {"path":"/home/lucasmachado/Documentos/goori/repos/user-pool/src/adapters/GroupMemoryRepository.ts","statementMap":{"0":{"start":{"line":2,"column":0},"end":{"line":2,"column":34}},"1":{"start":{"line":12,"column":47},"end":{"line":12,"column":49}},"2":{"start":{"line":16,"column":15},"end":{"line":16,"column":21}},"3":{"start":{"line":17,"column":25},"end":{"line":19,"column":null}},"4":{"start":{"line":22,"column":4},"end":{"line":22,"column":null}},"5":{"start":{"line":24,"column":4},"end":{"line":24,"column":null}},"6":{"start":{"line":14,"column":0},"end":{"line":14,"column":13}}},"fnMap":{"0":{"name":"(anonymous_7)","decl":{"start":{"line":15,"column":8},"end":{"line":15,"column":12}},"loc":{"start":{"line":15,"column":25},"end":{"line":25,"column":null}}}},"branchMap":{},"s":{"0":10,"1":10,"2":4,"3":4,"4":4,"5":4,"6":10},"f":{"0":4},"b":{}}
,"/home/lucasmachado/Documentos/goori/repos/user-pool/src/adapters/index.ts": {"path":"/home/lucasmachado/Documentos/goori/repos/user-pool/src/adapters/index.ts","statementMap":{"0":{"start":{"line":1,"column":0},"end":{"line":1,"column":42}},"1":{"start":{"line":2,"column":0},"end":{"line":2,"column":39}}},"fnMap":{},"branchMap":{},"s":{"0":10,"1":10},"f":{},"b":{}}
,"/home/lucasmachado/Documentos/goori/repos/user-pool/src/factories/ConsumerMemoryFactory.ts": {"path":"/home/lucasmachado/Documentos/goori/repos/user-pool/src/factories/ConsumerMemoryFactory.ts","statementMap":{"0":{"start":{"line":2,"column":0},"end":{"line":2,"column":53}},"1":{"start":{"line":6,"column":4},"end":{"line":6,"column":null}},"2":{"start":{"line":4,"column":0},"end":{"line":4,"column":13}}},"fnMap":{"0":{"name":"(anonymous_0)","decl":{"start":{"line":5,"column":2},"end":{"line":5,"column":18}},"loc":{"start":{"line":5,"column":18},"end":{"line":7,"column":3}}}},"branchMap":{},"s":{"0":10,"1":26,"2":10},"f":{"0":26},"b":{}}
,"/home/lucasmachado/Documentos/goori/repos/user-pool/src/factories/ConsumerMongoFactory.ts": {"path":"/home/lucasmachado/Documentos/goori/repos/user-pool/src/factories/ConsumerMongoFactory.ts","statementMap":{"0":{"start":{"line":1,"column":0},"end":{"line":1,"column":64}},"1":{"start":{"line":3,"column":0},"end":{"line":3,"column":13}}},"fnMap":{},"branchMap":{},"s":{"0":10,"1":10},"f":{},"b":{}}
,"/home/lucasmachado/Documentos/goori/repos/user-pool/src/factories/GroupMemoryFactory.ts": {"path":"/home/lucasmachado/Documentos/goori/repos/user-pool/src/factories/GroupMemoryFactory.ts","statementMap":{"0":{"start":{"line":2,"column":0},"end":{"line":2,"column":50}},"1":{"start":{"line":6,"column":4},"end":{"line":6,"column":null}},"2":{"start":{"line":4,"column":0},"end":{"line":4,"column":13}}},"fnMap":{"0":{"name":"(anonymous_0)","decl":{"start":{"line":5,"column":2},"end":{"line":5,"column":18}},"loc":{"start":{"line":5,"column":18},"end":{"line":7,"column":3}}}},"branchMap":{},"s":{"0":10,"1":6,"2":10},"f":{"0":6},"b":{}}
,"/home/lucasmachado/Documentos/goori/repos/user-pool/src/factories/MainMemoryFactory.ts": {"path":"/home/lucasmachado/Documentos/goori/repos/user-pool/src/factories/MainMemoryFactory.ts","statementMap":{"0":{"start":{"line":2,"column":0},"end":{"line":2,"column":64}},"1":{"start":{"line":3,"column":0},"end":{"line":3,"column":58}},"2":{"start":{"line":8,"column":4},"end":{"line":8,"column":null}},"3":{"start":{"line":12,"column":4},"end":{"line":12,"column":null}},"4":{"start":{"line":5,"column":0},"end":{"line":5,"column":13}}},"fnMap":{"0":{"name":"(anonymous_0)","decl":{"start":{"line":7,"column":2},"end":{"line":7,"column":23}},"loc":{"start":{"line":7,"column":23},"end":{"line":9,"column":3}}},"1":{"name":"(anonymous_1)","decl":{"start":{"line":11,"column":2},"end":{"line":11,"column":20}},"loc":{"start":{"line":11,"column":20},"end":{"line":13,"column":3}}}},"branchMap":{},"s":{"0":10,"1":10,"2":13,"3":5,"4":10},"f":{"0":13,"1":5},"b":{}}
,"/home/lucasmachado/Documentos/goori/repos/user-pool/src/factories/index.ts": {"path":"/home/lucasmachado/Documentos/goori/repos/user-pool/src/factories/index.ts","statementMap":{"0":{"start":{"line":1,"column":0},"end":{"line":1,"column":35}},"1":{"start":{"line":2,"column":0},"end":{"line":2,"column":39}},"2":{"start":{"line":3,"column":0},"end":{"line":3,"column":38}}},"fnMap":{},"branchMap":{},"s":{"0":10,"1":10,"2":10},"f":{},"b":{}}
,"/home/lucasmachado/Documentos/goori/repos/user-pool/src/server/app.ts": {"path":"/home/lucasmachado/Documentos/goori/repos/user-pool/src/server/app.ts","statementMap":{"0":{"start":{"line":1,"column":0},"end":{"line":1,"column":29}},"1":{"start":{"line":2,"column":0},"end":{"line":2,"column":53}},"2":{"start":{"line":3,"column":0},"end":{"line":3,"column":42}},"3":{"start":{"line":4,"column":0},"end":{"line":4,"column":46}},"4":{"start":{"line":5,"column":0},"end":{"line":5,"column":40}},"5":{"start":{"line":6,"column":0},"end":{"line":6,"column":47}},"6":{"start":{"line":8,"column":20},"end":{"line":8,"column":43}},"7":{"start":{"line":10,"column":12},"end":{"line":10,"column":21}},"8":{"start":{"line":11,"column":0},"end":{"line":11,"column":null}},"9":{"start":{"line":12,"column":0},"end":{"line":12,"column":null}},"10":{"start":{"line":13,"column":0},"end":{"line":13,"column":null}},"11":{"start":{"line":14,"column":0},"end":{"line":14,"column":null}},"12":{"start":{"line":16,"column":0},"end":{"line":16,"column":null}}},"fnMap":{},"branchMap":{},"s":{"0":5,"1":5,"2":5,"3":5,"4":5,"5":5,"6":5,"7":5,"8":5,"9":5,"10":5,"11":5,"12":5},"f":{},"b":{}}
,"/home/lucasmachado/Documentos/goori/repos/user-pool/src/server/routes/consumer.ts": {"path":"/home/lucasmachado/Documentos/goori/repos/user-pool/src/server/routes/consumer.ts","statementMap":{"0":{"start":{"line":1,"column":0},"end":{"line":1,"column":51}},"1":{"start":{"line":2,"column":0},"end":{"line":2,"column":30}},"2":{"start":{"line":6,"column":17},"end":{"line":6,"column":25}},"3":{"start":{"line":7,"column":26},"end":{"line":7,"column":61}},"4":{"start":{"line":9,"column":2},"end":{"line":26,"column":null}},"5":{"start":{"line":9,"column":41},"end":{"line":26,"column":4}},"6":{"start":{"line":10,"column":38},"end":{"line":10,"column":46}},"7":{"start":{"line":11,"column":29},"end":{"line":11,"column":54}},"8":{"start":{"line":12,"column":4},"end":{"line":25,"column":null}},"9":{"start":{"line":13,"column":20},"end":{"line":13,"column":84}},"10":{"start":{"line":14,"column":6},"end":{"line":17,"column":null}},"11":{"start":{"line":20,"column":6},"end":{"line":24,"column":null}},"12":{"start":{"line":28,"column":2},"end":{"line":28,"column":null}},"13":{"start":{"line":4,"column":0},"end":{"line":4,"column":24}}},"fnMap":{"0":{"name":"default_1","decl":{"start":{"line":4,"column":0},"end":{"line":4,"column":24}},"loc":{"start":{"line":4,"column":49},"end":{"line":29,"column":1}}},"1":{"name":"(anonymous_9)","decl":{"start":{"line":9,"column":23},"end":{"line":9,"column":30}},"loc":{"start":{"line":9,"column":41},"end":{"line":26,"column":4}}},"2":{"name":"(anonymous_10)","decl":{"start":{"line":9,"column":41},"end":{"line":9,"column":null}},"loc":{"start":{"line":9,"column":41},"end":{"line":26,"column":3}}}},"branchMap":{"0":{"loc":{"start":{"line":20,"column":17},"end":{"line":20,"column":36}},"type":"binary-expr","locations":[{"start":{"line":20,"column":17},"end":{"line":20,"column":29}},{"start":{"line":20,"column":33},"end":{"line":20,"column":36}}]}},"s":{"0":5,"1":5,"2":5,"3":5,"4":5,"5":2,"6":2,"7":2,"8":2,"9":2,"10":1,"11":1,"12":5,"13":5},"f":{"0":5,"1":2,"2":2},"b":{"0":[1,0]}}
,"/home/lucasmachado/Documentos/goori/repos/user-pool/src/server/routes/consumer.verify.middleware.ts": {"path":"/home/lucasmachado/Documentos/goori/repos/user-pool/src/server/routes/consumer.verify.middleware.ts","statementMap":{"0":{"start":{"line":7,"column":0},"end":{"line":7,"column":51}},"1":{"start":{"line":11,"column":51},"end":{"line":23,"column":null}},"2":{"start":{"line":11,"column":109},"end":{"line":23,"column":null}},"3":{"start":{"line":12,"column":18},"end":{"line":12,"column":66}},"4":{"start":{"line":13,"column":28},"end":{"line":13,"column":63}},"5":{"start":{"line":14,"column":4},"end":{"line":14,"column":null}},"6":{"start":{"line":14,"column":71},"end":{"line":14,"column":null}},"7":{"start":{"line":16,"column":28},"end":{"line":16,"column":31}},"8":{"start":{"line":17,"column":25},"end":{"line":17,"column":56}},"9":{"start":{"line":18,"column":4},"end":{"line":22,"column":null}},"10":{"start":{"line":25,"column":2},"end":{"line":25,"column":null}},"11":{"start":{"line":9,"column":0},"end":{"line":9,"column":24}}},"fnMap":{"0":{"name":"default_1","decl":{"start":{"line":9,"column":0},"end":{"line":9,"column":24}},"loc":{"start":{"line":9,"column":49},"end":{"line":26,"column":1}}},"1":{"name":"(anonymous_9)","decl":{"start":{"line":11,"column":51},"end":{"line":11,"column":58}},"loc":{"start":{"line":11,"column":109},"end":{"line":23,"column":null}}},"2":{"name":"(anonymous_10)","decl":{"start":{"line":11,"column":109},"end":{"line":11,"column":null}},"loc":{"start":{"line":11,"column":109},"end":{"line":23,"column":3}}}},"branchMap":{"0":{"loc":{"start":{"line":14,"column":4},"end":{"line":14,"column":null}},"type":"if","locations":[{"start":{"line":14,"column":4},"end":{"line":14,"column":null}}]}},"s":{"0":5,"1":5,"2":3,"3":3,"4":3,"5":3,"6":2,"7":1,"8":1,"9":1,"10":5,"11":5},"f":{"0":5,"1":3,"2":3},"b":{"0":[2]}}
,"/home/lucasmachado/Documentos/goori/repos/user-pool/src/server/routes/group.ts": {"path":"/home/lucasmachado/Documentos/goori/repos/user-pool/src/server/routes/group.ts","statementMap":{"0":{"start":{"line":2,"column":0},"end":{"line":2,"column":51}},"1":{"start":{"line":4,"column":0},"end":{"line":4,"column":67}},"2":{"start":{"line":5,"column":0},"end":{"line":5,"column":30}},"3":{"start":{"line":8,"column":23},"end":{"line":8,"column":55}},"4":{"start":{"line":9,"column":17},"end":{"line":9,"column":25}},"5":{"start":{"line":11,"column":2},"end":{"line":36,"column":null}},"6":{"start":{"line":11,"column":84},"end":{"line":36,"column":4}},"7":{"start":{"line":12,"column":53},"end":{"line":12,"column":61}},"8":{"start":{"line":13,"column":50},"end":{"line":18,"column":null}},"9":{"start":{"line":20,"column":25},"end":{"line":20,"column":33}},"10":{"start":{"line":22,"column":4},"end":{"line":35,"column":null}},"11":{"start":{"line":23,"column":19},"end":{"line":23,"column":94}},"12":{"start":{"line":24,"column":6},"end":{"line":27,"column":null}},"13":{"start":{"line":30,"column":6},"end":{"line":34,"column":null}},"14":{"start":{"line":38,"column":2},"end":{"line":38,"column":null}},"15":{"start":{"line":7,"column":0},"end":{"line":7,"column":24}}},"fnMap":{"0":{"name":"default_1","decl":{"start":{"line":7,"column":0},"end":{"line":7,"column":24}},"loc":{"start":{"line":7,"column":49},"end":{"line":39,"column":1}}},"1":{"name":"(anonymous_9)","decl":{"start":{"line":11,"column":66},"end":{"line":11,"column":73}},"loc":{"start":{"line":11,"column":84},"end":{"line":36,"column":4}}},"2":{"name":"(anonymous_10)","decl":{"start":{"line":11,"column":84},"end":{"line":11,"column":null}},"loc":{"start":{"line":11,"column":84},"end":{"line":36,"column":3}}}},"branchMap":{"0":{"loc":{"start":{"line":30,"column":17},"end":{"line":30,"column":36}},"type":"binary-expr","locations":[{"start":{"line":30,"column":17},"end":{"line":30,"column":29}},{"start":{"line":30,"column":33},"end":{"line":30,"column":36}}]}},"s":{"0":5,"1":5,"2":5,"3":5,"4":5,"5":5,"6":2,"7":2,"8":2,"9":2,"10":2,"11":2,"12":1,"13":1,"14":5,"15":5},"f":{"0":5,"1":2,"2":2},"b":{"0":[1,0]}}
,"/home/lucasmachado/Documentos/goori/repos/user-pool/src/server/routes/master.ts": {"path":"/home/lucasmachado/Documentos/goori/repos/user-pool/src/server/routes/master.ts","statementMap":{"0":{"start":{"line":1,"column":0},"end":{"line":1,"column":30}},"1":{"start":{"line":2,"column":0},"end":{"line":2,"column":63}},"2":{"start":{"line":3,"column":0},"end":{"line":3,"column":93}},"3":{"start":{"line":6,"column":19},"end":{"line":6,"column":27}},"4":{"start":{"line":7,"column":28},"end":{"line":7,"column":63}},"5":{"start":{"line":9,"column":4},"end":{"line":26,"column":null}},"6":{"start":{"line":9,"column":58},"end":{"line":26,"column":6}},"7":{"start":{"line":10,"column":34},"end":{"line":10,"column":42}},"8":{"start":{"line":12,"column":8},"end":{"line":25,"column":null}},"9":{"start":{"line":13,"column":26},"end":{"line":13,"column":68}},"10":{"start":{"line":14,"column":12},"end":{"line":17,"column":null}},"11":{"start":{"line":20,"column":12},"end":{"line":24,"column":null}},"12":{"start":{"line":28,"column":4},"end":{"line":46,"column":null}},"13":{"start":{"line":28,"column":93},"end":{"line":46,"column":6}},"14":{"start":{"line":29,"column":69},"end":{"line":29,"column":102}},"15":{"start":{"line":30,"column":55},"end":{"line":30,"column":107}},"16":{"start":{"line":32,"column":8},"end":{"line":45,"column":null}},"17":{"start":{"line":33,"column":56},"end":{"line":33,"column":123}},"18":{"start":{"line":34,"column":12},"end":{"line":37,"column":null}},"19":{"start":{"line":40,"column":12},"end":{"line":44,"column":null}},"20":{"start":{"line":48,"column":4},"end":{"line":60,"column":null}},"21":{"start":{"line":48,"column":84},"end":{"line":60,"column":6}},"22":{"start":{"line":49,"column":8},"end":{"line":59,"column":null}},"23":{"start":{"line":50,"column":35},"end":{"line":50,"column":86}},"24":{"start":{"line":51,"column":12},"end":{"line":51,"column":null}},"25":{"start":{"line":54,"column":12},"end":{"line":58,"column":null}},"26":{"start":{"line":62,"column":4},"end":{"line":62,"column":null}},"27":{"start":{"line":5,"column":0},"end":{"line":5,"column":24}}},"fnMap":{"0":{"name":"default_1","decl":{"start":{"line":5,"column":0},"end":{"line":5,"column":24}},"loc":{"start":{"line":5,"column":49},"end":{"line":63,"column":1}}},"1":{"name":"(anonymous_9)","decl":{"start":{"line":9,"column":25},"end":{"line":9,"column":32}},"loc":{"start":{"line":9,"column":58},"end":{"line":26,"column":6}}},"2":{"name":"(anonymous_10)","decl":{"start":{"line":9,"column":58},"end":{"line":9,"column":null}},"loc":{"start":{"line":9,"column":58},"end":{"line":26,"column":5}}},"3":{"name":"(anonymous_11)","decl":{"start":{"line":28,"column":75},"end":{"line":28,"column":82}},"loc":{"start":{"line":28,"column":93},"end":{"line":46,"column":6}}},"4":{"name":"(anonymous_12)","decl":{"start":{"line":28,"column":93},"end":{"line":28,"column":null}},"loc":{"start":{"line":28,"column":93},"end":{"line":46,"column":5}}},"5":{"name":"(anonymous_13)","decl":{"start":{"line":48,"column":66},"end":{"line":48,"column":73}},"loc":{"start":{"line":48,"column":84},"end":{"line":60,"column":6}}},"6":{"name":"(anonymous_14)","decl":{"start":{"line":48,"column":84},"end":{"line":48,"column":null}},"loc":{"start":{"line":48,"column":84},"end":{"line":60,"column":5}}}},"branchMap":{"0":{"loc":{"start":{"line":20,"column":23},"end":{"line":20,"column":42}},"type":"binary-expr","locations":[{"start":{"line":20,"column":23},"end":{"line":20,"column":35}},{"start":{"line":20,"column":39},"end":{"line":20,"column":42}}]},"1":{"loc":{"start":{"line":40,"column":23},"end":{"line":40,"column":42}},"type":"binary-expr","locations":[{"start":{"line":40,"column":23},"end":{"line":40,"column":35}},{"start":{"line":40,"column":39},"end":{"line":40,"column":42}}]},"2":{"loc":{"start":{"line":54,"column":23},"end":{"line":54,"column":42}},"type":"binary-expr","locations":[{"start":{"line":54,"column":23},"end":{"line":54,"column":35}},{"start":{"line":54,"column":39},"end":{"line":54,"column":42}}]}},"s":{"0":5,"1":5,"2":5,"3":5,"4":5,"5":5,"6":2,"7":2,"8":2,"9":2,"10":1,"11":1,"12":5,"13":10,"14":10,"15":10,"16":10,"17":10,"18":4,"19":6,"20":5,"21":1,"22":1,"23":1,"24":1,"25":0,"26":5,"27":5},"f":{"0":5,"1":2,"2":2,"3":10,"4":10,"5":1,"6":1},"b":{"0":[1,0],"1":[6,0],"2":[0,0]}}
,"/home/lucasmachado/Documentos/goori/repos/user-pool/src/server/routes/master.verify.middleware.ts": {"path":"/home/lucasmachado/Documentos/goori/repos/user-pool/src/server/routes/master.verify.middleware.ts","statementMap":{"0":{"start":{"line":7,"column":0},"end":{"line":7,"column":51}},"1":{"start":{"line":10,"column":49},"end":{"line":23,"column":null}},"2":{"start":{"line":10,"column":107},"end":{"line":23,"column":null}},"3":{"start":{"line":11,"column":20},"end":{"line":11,"column":31}},"4":{"start":{"line":12,"column":26},"end":{"line":12,"column":68}},"5":{"start":{"line":14,"column":4},"end":{"line":14,"column":null}},"6":{"start":{"line":14,"column":50},"end":{"line":14,"column":null}},"7":{"start":{"line":16,"column":28},"end":{"line":16,"column":31}},"8":{"start":{"line":17,"column":25},"end":{"line":17,"column":67}},"9":{"start":{"line":18,"column":4},"end":{"line":22,"column":null}},"10":{"start":{"line":25,"column":2},"end":{"line":25,"column":null}},"11":{"start":{"line":9,"column":0},"end":{"line":9,"column":24}}},"fnMap":{"0":{"name":"default_1","decl":{"start":{"line":9,"column":0},"end":{"line":9,"column":24}},"loc":{"start":{"line":9,"column":49},"end":{"line":26,"column":1}}},"1":{"name":"(anonymous_9)","decl":{"start":{"line":10,"column":49},"end":{"line":10,"column":56}},"loc":{"start":{"line":10,"column":107},"end":{"line":23,"column":null}}},"2":{"name":"(anonymous_10)","decl":{"start":{"line":10,"column":107},"end":{"line":10,"column":null}},"loc":{"start":{"line":10,"column":107},"end":{"line":23,"column":3}}}},"branchMap":{"0":{"loc":{"start":{"line":14,"column":4},"end":{"line":14,"column":null}},"type":"if","locations":[{"start":{"line":14,"column":4},"end":{"line":14,"column":null}}]}},"s":{"0":5,"1":10,"2":13,"3":13,"4":13,"5":13,"6":11,"7":2,"8":2,"9":2,"10":10,"11":5},"f":{"0":10,"1":13,"2":13},"b":{"0":[11]}}
,"/home/lucasmachado/Documentos/goori/repos/user-pool/src/userPool/index.ts": {"path":"/home/lucasmachado/Documentos/goori/repos/user-pool/src/userPool/index.ts","statementMap":{"0":{"start":{"line":1,"column":0},"end":{"line":1,"column":26}},"1":{"start":{"line":2,"column":0},"end":{"line":2,"column":28}},"2":{"start":{"line":3,"column":0},"end":{"line":3,"column":30}},"3":{"start":{"line":5,"column":0},"end":{"line":6,"column":null}}},"fnMap":{},"branchMap":{},"s":{"0":13,"1":13,"2":13,"3":13},"f":{},"b":{}}
,"/home/lucasmachado/Documentos/goori/repos/user-pool/src/userPool/defaultImplementaion/ConfigurationRepository.ts": {"path":"/home/lucasmachado/Documentos/goori/repos/user-pool/src/userPool/defaultImplementaion/ConfigurationRepository.ts","statementMap":{"0":{"start":{"line":1,"column":0},"end":{"line":1,"column":31}},"1":{"start":{"line":4,"column":0},"end":{"line":4,"column":null}},"2":{"start":{"line":8,"column":4},"end":{"line":8,"column":null}},"3":{"start":{"line":12,"column":4},"end":{"line":12,"column":78}},"4":{"start":{"line":16,"column":4},"end":{"line":16,"column":78}},"5":{"start":{"line":20,"column":4},"end":{"line":20,"column":null}},"6":{"start":{"line":6,"column":0},"end":{"line":6,"column":13}},"7":{"start":{"line":24,"column":13},"end":{"line":24,"column":null}}},"fnMap":{"0":{"name":"(anonymous_7)","decl":{"start":{"line":7,"column":8},"end":{"line":7,"column":11}},"loc":{"start":{"line":7,"column":28},"end":{"line":9,"column":null}}},"1":{"name":"(anonymous_9)","decl":{"start":{"line":11,"column":8},"end":{"line":11,"column":11}},"loc":{"start":{"line":11,"column":44},"end":{"line":13,"column":null}}},"2":{"name":"(anonymous_11)","decl":{"start":{"line":15,"column":8},"end":{"line":15,"column":13}},"loc":{"start":{"line":15,"column":30},"end":{"line":17,"column":null}}},"3":{"name":"(anonymous_13)","decl":{"start":{"line":19,"column":2},"end":{"line":19,"column":8}},"loc":{"start":{"line":19,"column":25},"end":{"line":21,"column":3}}}},"branchMap":{},"s":{"0":13,"1":13,"2":30,"3":0,"4":0,"5":0,"6":13,"7":13},"f":{"0":30,"1":0,"2":0,"3":0},"b":{}}
,"/home/lucasmachado/Documentos/goori/repos/user-pool/src/userPool/defaultImplementaion/index.ts": {"path":"/home/lucasmachado/Documentos/goori/repos/user-pool/src/userPool/defaultImplementaion/index.ts","statementMap":{"0":{"start":{"line":1,"column":0},"end":{"line":1,"column":41}}},"fnMap":{},"branchMap":{},"s":{"0":13},"f":{},"b":{}}
,"/home/lucasmachado/Documentos/goori/repos/user-pool/src/userPool/entities/AccessKey.ts": {"path":"/home/lucasmachado/Documentos/goori/repos/user-pool/src/userPool/entities/AccessKey.ts","statementMap":{"0":{"start":{"line":1,"column":0},"end":{"line":1,"column":37}},"1":{"start":{"line":4,"column":21},"end":{"line":4,"column":58}},"2":{"start":{"line":5,"column":19},"end":{"line":5,"column":41}},"3":{"start":{"line":6,"column":2},"end":{"line":6,"column":null}},"4":{"start":{"line":10,"column":2},"end":{"line":10,"column":null}},"5":{"start":{"line":10,"column":42},"end":{"line":10,"column":59}},"6":{"start":{"line":16,"column":22},"end":{"line":16,"column":33}},"7":{"start":{"line":17,"column":4},"end":{"line":17,"column":null}},"8":{"start":{"line":21,"column":4},"end":{"line":21,"column":null}},"9":{"start":{"line":25,"column":25},"end":{"line":25,"column":56}},"10":{"start":{"line":26,"column":21},"end":{"line":26,"column":40}},"11":{"start":{"line":27,"column":4},"end":{"line":27,"column":68}},"12":{"start":{"line":27,"column":30},"end":{"line":27,"column":68}},"13":{"start":{"line":28,"column":4},"end":{"line":28,"column":null}},"14":{"start":{"line":28,"column":50},"end":{"line":28,"column":null}},"15":{"start":{"line":29,"column":4},"end":{"line":29,"column":null}},"16":{"start":{"line":29,"column":50},"end":{"line":29,"column":null}},"17":{"start":{"line":31,"column":27},"end":{"line":31,"column":85}},"18":{"start":{"line":32,"column":4},"end":{"line":32,"column":null}},"19":{"start":{"line":32,"column":39},"end":{"line":32,"column":null}},"20":{"start":{"line":36,"column":19},"end":{"line":36,"column":47}},"21":{"start":{"line":37,"column":19},"end":{"line":37,"column":47}},"22":{"start":{"line":38,"column":19},"end":{"line":38,"column":67}},"23":{"start":{"line":40,"column":16},"end":{"line":40,"column":47}},"24":{"start":{"line":41,"column":4},"end":{"line":41,"column":null}},"25":{"start":{"line":45,"column":26},"end":{"line":45,"column":27}},"26":{"start":{"line":46,"column":28},"end":{"line":46,"column":30}},"27":{"start":{"line":47,"column":4},"end":{"line":51,"column":null}},"28":{"start":{"line":47,"column":16},"end":{"line":47,"column":17}},"29":{"start":{"line":48,"column":27},"end":{"line":48,"column":78}},"30":{"start":{"line":49,"column":19},"end":{"line":49,"column":55}},"31":{"start":{"line":50,"column":6},"end":{"line":50,"column":null}},"32":{"start":{"line":52,"column":4},"end":{"line":52,"column":null}},"33":{"start":{"line":56,"column":24},"end":{"line":56,"column":55}},"34":{"start":{"line":57,"column":24},"end":{"line":57,"column":40}},"35":{"start":{"line":58,"column":24},"end":{"line":58,"column":40}},"36":{"start":{"line":59,"column":4},"end":{"line":59,"column":null}},"37":{"start":{"line":59,"column":50},"end":{"line":59,"column":null}},"38":{"start":{"line":61,"column":37},"end":{"line":61,"column":39}},"39":{"start":{"line":62,"column":4},"end":{"line":72,"column":null}},"40":{"start":{"line":62,"column":16},"end":{"line":62,"column":17}},"41":{"start":{"line":63,"column":20},"end":{"line":63,"column":34}},"42":{"start":{"line":64,"column":25},"end":{"line":64,"column":72}},"43":{"start":{"line":66,"column":20},"end":{"line":66,"column":34}},"44":{"start":{"line":67,"column":25},"end":{"line":67,"column":72}},"45":{"start":{"line":69,"column":28},"end":{"line":69,"column":51}},"46":{"start":{"line":70,"column":6},"end":{"line":70,"column":null}},"47":{"start":{"line":70,"column":40},"end":{"line":70,"column":null}},"48":{"start":{"line":71,"column":6},"end":{"line":71,"column":null}},"49":{"start":{"line":74,"column":4},"end":{"line":74,"column":null}},"50":{"start":{"line":13,"column":0},"end":{"line":13,"column":13}},"51":{"start":{"line":14,"column":17},"end":{"line":14,"column":null}}},"fnMap":{"0":{"name":"randomBetween","decl":{"start":{"line":3,"column":9},"end":{"line":3,"column":22}},"loc":{"start":{"line":3,"column":47},"end":{"line":7,"column":1}}},"1":{"name":"findIndexInArray","decl":{"start":{"line":9,"column":9},"end":{"line":9,"column":25}},"loc":{"start":{"line":9,"column":50},"end":{"line":11,"column":1}}},"2":{"name":"(anonymous_2)","decl":{"start":{"line":10,"column":26},"end":{"line":10,"column":27}},"loc":{"start":{"line":10,"column":42},"end":{"line":10,"column":59}}},"3":{"name":"(anonymous_3)","decl":{"start":{"line":16,"column":2},"end":{"line":16,"column":22}},"loc":{"start":{"line":16,"column":33},"end":{"line":18,"column":3}}},"4":{"name":"(anonymous_4)","decl":{"start":{"line":20,"column":2},"end":{"line":20,"column":10}},"loc":{"start":{"line":20,"column":10},"end":{"line":22,"column":3}}},"5":{"name":"(anonymous_5)","decl":{"start":{"line":24,"column":10},"end":{"line":24,"column":18}},"loc":{"start":{"line":24,"column":18},"end":{"line":33,"column":3}}},"6":{"name":"(anonymous_6)","decl":{"start":{"line":35,"column":2},"end":{"line":35,"column":8}},"loc":{"start":{"line":35,"column":26},"end":{"line":42,"column":3}}},"7":{"name":"(anonymous_7)","decl":{"start":{"line":44,"column":10},"end":{"line":44,"column":16}},"loc":{"start":{"line":44,"column":33},"end":{"line":53,"column":3}}},"8":{"name":"(anonymous_8)","decl":{"start":{"line":55,"column":10},"end":{"line":55,"column":16}},"loc":{"start":{"line":55,"column":70},"end":{"line":75,"column":3}}}},"branchMap":{"0":{"loc":{"start":{"line":27,"column":4},"end":{"line":27,"column":68}},"type":"if","locations":[{"start":{"line":27,"column":4},"end":{"line":27,"column":68}}]},"1":{"loc":{"start":{"line":28,"column":4},"end":{"line":28,"column":null}},"type":"if","locations":[{"start":{"line":28,"column":4},"end":{"line":28,"column":null}}]},"2":{"loc":{"start":{"line":29,"column":4},"end":{"line":29,"column":null}},"type":"if","locations":[{"start":{"line":29,"column":4},"end":{"line":29,"column":null}}]},"3":{"loc":{"start":{"line":32,"column":4},"end":{"line":32,"column":null}},"type":"if","locations":[{"start":{"line":32,"column":4},"end":{"line":32,"column":null}}]},"4":{"loc":{"start":{"line":59,"column":4},"end":{"line":59,"column":null}},"type":"if","locations":[{"start":{"line":59,"column":4},"end":{"line":59,"column":null}}]},"5":{"loc":{"start":{"line":70,"column":6},"end":{"line":70,"column":null}},"type":"if","locations":[{"start":{"line":70,"column":6},"end":{"line":70,"column":null}}]}},"s":{"0":15,"1":1160,"2":1160,"3":1160,"4":2440,"5":46824,"6":129,"7":129,"8":135,"9":129,"10":129,"11":128,"12":0,"13":128,"14":0,"15":128,"16":0,"17":128,"18":128,"19":0,"20":116,"21":116,"22":116,"23":116,"24":116,"25":232,"26":232,"27":232,"28":232,"29":1160,"30":1160,"31":1160,"32":232,"33":244,"34":244,"35":244,"36":244,"37":0,"38":244,"39":244,"40":244,"41":1220,"42":1220,"43":1220,"44":1220,"45":1220,"46":1220,"47":640,"48":1220,"49":244,"50":15,"51":15},"f":{"0":1160,"1":2440,"2":46824,"3":129,"4":135,"5":129,"6":116,"7":232,"8":244},"b":{"0":[0],"1":[0],"2":[0],"3":[0],"4":[0],"5":[640]}}
,"/home/lucasmachado/Documentos/goori/repos/user-pool/src/userPool/entities/Consumer.ts": {"path":"/home/lucasmachado/Documentos/goori/repos/user-pool/src/userPool/entities/Consumer.ts","statementMap":{"0":{"start":{"line":3,"column":0},"end":{"line":3,"column":32}},"1":{"start":{"line":4,"column":0},"end":{"line":4,"column":34}},"2":{"start":{"line":5,"column":0},"end":{"line":5,"column":40}},"3":{"start":{"line":6,"column":0},"end":{"line":6,"column":38}},"4":{"start":{"line":7,"column":0},"end":{"line":7,"column":40}},"5":{"start":{"line":19,"column":12},"end":{"line":19,"column":42}},"6":{"start":{"line":15,"column":10},"end":{"line":15,"column":null}},"7":{"start":{"line":21,"column":4},"end":{"line":21,"column":null}},"8":{"start":{"line":22,"column":4},"end":{"line":22,"column":null}},"9":{"start":{"line":23,"column":4},"end":{"line":23,"column":null}},"10":{"start":{"line":27,"column":4},"end":{"line":28,"column":null}},"11":{"start":{"line":28,"column":6},"end":{"line":28,"column":null}},"12":{"start":{"line":30,"column":15},"end":{"line":30,"column":27}},"13":{"start":{"line":31,"column":4},"end":{"line":32,"column":null}},"14":{"start":{"line":32,"column":6},"end":{"line":32,"column":null}},"15":{"start":{"line":34,"column":20},"end":{"line":37,"column":null}},"16":{"start":{"line":39,"column":18},"end":{"line":39,"column":70}},"17":{"start":{"line":40,"column":4},"end":{"line":40,"column":null}},"18":{"start":{"line":44,"column":4},"end":{"line":44,"column":null}},"19":{"start":{"line":48,"column":4},"end":{"line":48,"column":null}},"20":{"start":{"line":52,"column":4},"end":{"line":58,"column":null}},"21":{"start":{"line":62,"column":19},"end":{"line":62,"column":42}},"22":{"start":{"line":63,"column":4},"end":{"line":63,"column":null}},"23":{"start":{"line":67,"column":4},"end":{"line":67,"column":null}},"24":{"start":{"line":67,"column":30},"end":{"line":67,"column":null}},"25":{"start":{"line":68,"column":4},"end":{"line":72,"column":null}},"26":{"start":{"line":76,"column":4},"end":{"line":76,"column":null}},"27":{"start":{"line":76,"column":29},"end":{"line":76,"column":null}},"28":{"start":{"line":77,"column":4},"end":{"line":77,"column":null}},"29":{"start":{"line":78,"column":4},"end":{"line":78,"column":null}},"30":{"start":{"line":79,"column":4},"end":{"line":79,"column":null}},"31":{"start":{"line":83,"column":4},"end":{"line":89,"column":null}},"32":{"start":{"line":84,"column":22},"end":{"line":84,"column":81}},"33":{"start":{"line":85,"column":6},"end":{"line":85,"column":null}},"34":{"start":{"line":88,"column":6},"end":{"line":88,"column":null}},"35":{"start":{"line":93,"column":4},"end":{"line":93,"column":null}},"36":{"start":{"line":93,"column":49},"end":{"line":93,"column":null}},"37":{"start":{"line":94,"column":4},"end":{"line":94,"column":null}},"38":{"start":{"line":9,"column":0},"end":{"line":9,"column":13}}},"fnMap":{"0":{"name":"(anonymous_0)","decl":{"start":{"line":18,"column":2},"end":{"line":18,"column":null}},"loc":{"start":{"line":19,"column":42},"end":{"line":24,"column":3}}},"1":{"name":"(anonymous_1)","decl":{"start":{"line":26,"column":2},"end":{"line":26,"column":6}},"loc":{"start":{"line":26,"column":24},"end":{"line":41,"column":3}}},"2":{"name":"(anonymous_2)","decl":{"start":{"line":43,"column":2},"end":{"line":43,"column":7}},"loc":{"start":{"line":43,"column":7},"end":{"line":45,"column":3}}},"3":{"name":"(anonymous_3)","decl":{"start":{"line":47,"column":2},"end":{"line":47,"column":14}},"loc":{"start":{"line":47,"column":14},"end":{"line":49,"column":3}}},"4":{"name":"(anonymous_4)","decl":{"start":{"line":51,"column":2},"end":{"line":51,"column":9}},"loc":{"start":{"line":51,"column":9},"end":{"line":59,"column":3}}},"5":{"name":"(anonymous_5)","decl":{"start":{"line":61,"column":2},"end":{"line":61,"column":11}},"loc":{"start":{"line":61,"column":11},"end":{"line":64,"column":3}}},"6":{"name":"(anonymous_6)","decl":{"start":{"line":66,"column":2},"end":{"line":66,"column":12}},"loc":{"start":{"line":66,"column":12},"end":{"line":73,"column":3}}},"7":{"name":"(anonymous_7)","decl":{"start":{"line":75,"column":2},"end":{"line":75,"column":12}},"loc":{"start":{"line":75,"column":38},"end":{"line":80,"column":3}}},"8":{"name":"(anonymous_8)","decl":{"start":{"line":82,"column":2},"end":{"line":82,"column":8}},"loc":{"start":{"line":82,"column":22},"end":{"line":90,"column":3}}},"9":{"name":"(anonymous_9)","decl":{"start":{"line":92,"column":10},"end":{"line":92,"column":23}},"loc":{"start":{"line":92,"column":23},"end":{"line":95,"column":3}}}},"branchMap":{"0":{"loc":{"start":{"line":27,"column":4},"end":{"line":28,"column":null}},"type":"if","locations":[{"start":{"line":27,"column":4},"end":{"line":28,"column":null}}]},"1":{"loc":{"start":{"line":31,"column":4},"end":{"line":32,"column":null}},"type":"if","locations":[{"start":{"line":31,"column":4},"end":{"line":32,"column":null}}]},"2":{"loc":{"start":{"line":31,"column":7},"end":{"line":31,"column":26}},"type":"binary-expr","locations":[{"start":{"line":31,"column":7},"end":{"line":31,"column":10}},{"start":{"line":31,"column":14},"end":{"line":31,"column":26}}]},"3":{"loc":{"start":{"line":44,"column":11},"end":{"line":44,"column":30}},"type":"cond-expr","locations":[{"start":{"line":44,"column":18},"end":{"line":44,"column":20}},{"start":{"line":44,"column":18},"end":{"line":44,"column":30}}]},"4":{"loc":{"start":{"line":44,"column":11},"end":{"line":44,"column":20}},"type":"binary-expr","locations":[{"start":{"line":44,"column":11},"end":{"line":44,"column":20}},{"start":{"line":44,"column":18},"end":{"line":44,"column":20}}]},"5":{"loc":{"start":{"line":48,"column":11},"end":{"line":48,"column":37}},"type":"cond-expr","locations":[{"start":{"line":48,"column":25},"end":{"line":48,"column":27}},{"start":{"line":48,"column":25},"end":{"line":48,"column":37}}]},"6":{"loc":{"start":{"line":48,"column":11},"end":{"line":48,"column":27}},"type":"binary-expr","locations":[{"start":{"line":48,"column":11},"end":{"line":48,"column":27}},{"start":{"line":48,"column":25},"end":{"line":48,"column":27}}]},"7":{"loc":{"start":{"line":53,"column":12},"end":{"line":53,"column":39}},"type":"binary-expr","locations":[{"start":{"line":53,"column":12},"end":{"line":53,"column":33}},{"start":{"line":53,"column":37},"end":{"line":53,"column":39}}]},"8":{"loc":{"start":{"line":53,"column":12},"end":{"line":53,"column":33}},"type":"cond-expr","locations":[{"start":{"line":53,"column":21},"end":{"line":53,"column":23}},{"start":{"line":53,"column":21},"end":{"line":53,"column":33}}]},"9":{"loc":{"start":{"line":53,"column":12},"end":{"line":53,"column":23}},"type":"binary-expr","locations":[{"start":{"line":53,"column":12},"end":{"line":53,"column":23}},{"start":{"line":53,"column":21},"end":{"line":53,"column":23}}]},"10":{"loc":{"start":{"line":54,"column":14},"end":{"line":54,"column":43}},"type":"binary-expr","locations":[{"start":{"line":54,"column":14},"end":{"line":54,"column":37}},{"start":{"line":54,"column":41},"end":{"line":54,"column":43}}]},"11":{"loc":{"start":{"line":54,"column":14},"end":{"line":54,"column":37}},"type":"cond-expr","locations":[{"start":{"line":54,"column":25},"end":{"line":54,"column":27}},{"start":{"line":54,"column":25},"end":{"line":54,"column":37}}]},"12":{"loc":{"start":{"line":54,"column":14},"end":{"line":54,"column":27}},"type":"binary-expr","locations":[{"start":{"line":54,"column":14},"end":{"line":54,"column":27}},{"start":{"line":54,"column":25},"end":{"line":54,"column":27}}]},"13":{"loc":{"start":{"line":55,"column":13},"end":{"line":55,"column":41}},"type":"binary-expr","locations":[{"start":{"line":55,"column":13},"end":{"line":55,"column":35}},{"start":{"line":55,"column":39},"end":{"line":55,"column":41}}]},"14":{"loc":{"start":{"line":55,"column":13},"end":{"line":55,"column":35}},"type":"cond-expr","locations":[{"start":{"line":55,"column":23},"end":{"line":55,"column":25}},{"start":{"line":55,"column":23},"end":{"line":55,"column":35}}]},"15":{"loc":{"start":{"line":55,"column":13},"end":{"line":55,"column":25}},"type":"binary-expr","locations":[{"start":{"line":55,"column":13},"end":{"line":55,"column":25}},{"start":{"line":55,"column":23},"end":{"line":55,"column":25}}]},"16":{"loc":{"start":{"line":62,"column":19},"end":{"line":62,"column":42}},"type":"cond-expr","locations":[{"start":{"line":62,"column":30},"end":{"line":62,"column":32}},{"start":{"line":62,"column":30},"end":{"line":62,"column":42}}]},"17":{"loc":{"start":{"line":62,"column":19},"end":{"line":62,"column":32}},"type":"binary-expr","locations":[{"start":{"line":62,"column":19},"end":{"line":62,"column":32}},{"start":{"line":62,"column":30},"end":{"line":62,"column":32}}]},"18":{"loc":{"start":{"line":67,"column":4},"end":{"line":67,"column":null}},"type":"if","locations":[{"start":{"line":67,"column":4},"end":{"line":67,"column":null}}]},"19":{"loc":{"start":{"line":69,"column":10},"end":{"line":69,"column":29}},"type":"cond-expr","locations":[{"start":{"line":69,"column":17},"end":{"line":69,"column":19}},{"start":{"line":69,"column":17},"end":{"line":69,"column":29}}]},"20":{"loc":{"start":{"line":69,"column":10},"end":{"line":69,"column":19}},"type":"binary-expr","locations":[{"start":{"line":69,"column":10},"end":{"line":69,"column":19}},{"start":{"line":69,"column":17},"end":{"line":69,"column":19}}]},"21":{"loc":{"start":{"line":70,"column":14},"end":{"line":70,"column":37}},"type":"cond-expr","locations":[{"start":{"line":70,"column":25},"end":{"line":70,"column":27}},{"start":{"line":70,"column":25},"end":{"line":70,"column":37}}]},"22":{"loc":{"start":{"line":70,"column":14},"end":{"line":70,"column":27}},"type":"binary-expr","locations":[{"start":{"line":70,"column":14},"end":{"line":70,"column":27}},{"start":{"line":70,"column":25},"end":{"line":70,"column":27}}]},"23":{"loc":{"start":{"line":71,"column":17},"end":{"line":71,"column":43}},"type":"cond-expr","locations":[{"start":{"line":71,"column":31},"end":{"line":71,"column":33}},{"start":{"line":71,"column":31},"end":{"line":71,"column":43}}]},"24":{"loc":{"start":{"line":71,"column":17},"end":{"line":71,"column":33}},"type":"binary-expr","locations":[{"start":{"line":71,"column":17},"end":{"line":71,"column":33}},{"start":{"line":71,"column":31},"end":{"line":71,"column":33}}]},"25":{"loc":{"start":{"line":76,"column":4},"end":{"line":76,"column":null}},"type":"if","locations":[{"start":{"line":76,"column":4},"end":{"line":76,"column":null}}]},"26":{"loc":{"start":{"line":84,"column":51},"end":{"line":84,"column":80}},"type":"binary-expr","locations":[{"start":{"line":84,"column":51},"end":{"line":84,"column":74}},{"start":{"line":84,"column":78},"end":{"line":84,"column":80}}]},"27":{"loc":{"start":{"line":84,"column":51},"end":{"line":84,"column":74}},"type":"cond-expr","locations":[{"start":{"line":84,"column":62},"end":{"line":84,"column":64}},{"start":{"line":84,"column":62},"end":{"line":84,"column":74}}]},"28":{"loc":{"start":{"line":84,"column":51},"end":{"line":84,"column":64}},"type":"binary-expr","locations":[{"start":{"line":84,"column":51},"end":{"line":84,"column":64}},{"start":{"line":84,"column":62},"end":{"line":84,"column":64}}]},"29":{"loc":{"start":{"line":93,"column":4},"end":{"line":93,"column":null}},"type":"if","locations":[{"start":{"line":93,"column":4},"end":{"line":93,"column":null}}]},"30":{"loc":{"start":{"line":93,"column":7},"end":{"line":93,"column":47}},"type":"binary-expr","locations":[{"start":{"line":93,"column":7},"end":{"line":93,"column":14}},{"start":{"line":93,"column":18},"end":{"line":93,"column":29}},{"start":{"line":93,"column":33},"end":{"line":93,"column":47}}]}},"s":{"0":14,"1":14,"2":14,"3":14,"4":14,"5":38,"6":38,"7":38,"8":36,"9":34,"10":8,"11":2,"12":6,"13":6,"14":0,"15":6,"16":6,"17":6,"18":8,"19":11,"20":14,"21":2,"22":2,"23":1,"24":1,"25":0,"26":24,"27":0,"28":24,"29":24,"30":24,"31":5,"32":5,"33":4,"34":1,"35":25,"36":0,"37":25,"38":14},"f":{"0":38,"1":8,"2":8,"3":11,"4":14,"5":2,"6":1,"7":24,"8":5,"9":25},"b":{"0":[2],"1":[0],"2":[6,6],"3":[1,7],"4":[8,8],"5":[2,9],"6":[11,11],"7":[14,0],"8":[0,14],"9":[14,14],"10":[14,0],"11":[0,14],"12":[14,14],"13":[14,0],"14":[0,14],"15":[14,14],"16":[1,1],"17":[2,2],"18":[1],"19":[0,0],"20":[0,0],"21":[0,0],"22":[0,0],"23":[0,0],"24":[0,0],"25":[0],"26":[5,0],"27":[0,5],"28":[5,5],"29":[0],"30":[25,25,25]}}
,"/home/lucasmachado/Documentos/goori/repos/user-pool/src/userPool/entities/Email.ts": {"path":"/home/lucasmachado/Documentos/goori/repos/user-pool/src/userPool/entities/Email.ts","statementMap":{"0":{"start":{"line":1,"column":0},"end":{"line":1,"column":37}},"1":{"start":{"line":6,"column":22},"end":{"line":6,"column":35}},"2":{"start":{"line":4,"column":10},"end":{"line":4,"column":null}},"3":{"start":{"line":7,"column":4},"end":{"line":7,"column":null}},"4":{"start":{"line":11,"column":4},"end":{"line":11,"column":null}},"5":{"start":{"line":15,"column":4},"end":{"line":23,"column":null}},"6":{"start":{"line":16,"column":22},"end":{"line":18,"column":40}},"7":{"start":{"line":19,"column":6},"end":{"line":19,"column":null}},"8":{"start":{"line":19,"column":19},"end":{"line":19,"column":null}},"9":{"start":{"line":22,"column":6},"end":{"line":22,"column":null}},"10":{"start":{"line":3,"column":0},"end":{"line":3,"column":13}}},"fnMap":{"0":{"name":"(anonymous_0)","decl":{"start":{"line":6,"column":2},"end":{"line":6,"column":22}},"loc":{"start":{"line":6,"column":35},"end":{"line":8,"column":3}}},"1":{"name":"(anonymous_1)","decl":{"start":{"line":10,"column":2},"end":{"line":10,"column":10}},"loc":{"start":{"line":10,"column":10},"end":{"line":12,"column":3}}},"2":{"name":"(anonymous_2)","decl":{"start":{"line":14,"column":10},"end":{"line":14,"column":18}},"loc":{"start":{"line":14,"column":18},"end":{"line":24,"column":3}}}},"branchMap":{"0":{"loc":{"start":{"line":19,"column":6},"end":{"line":19,"column":null}},"type":"if","locations":[{"start":{"line":19,"column":6},"end":{"line":19,"column":null}}]}},"s":{"0":15,"1":45,"2":45,"3":45,"4":17,"5":45,"6":45,"7":43,"8":6,"9":8,"10":15},"f":{"0":45,"1":17,"2":45},"b":{"0":[6]}}
,"/home/lucasmachado/Documentos/goori/repos/user-pool/src/userPool/entities/Group.ts": {"path":"/home/lucasmachado/Documentos/goori/repos/user-pool/src/userPool/entities/Group.ts","statementMap":{"0":{"start":{"line":2,"column":0},"end":{"line":2,"column":39}},"1":{"start":{"line":3,"column":0},"end":{"line":3,"column":44}},"2":{"start":{"line":11,"column":22},"end":{"line":11,"column":49}},"3":{"start":{"line":11,"column":59},"end":{"line":11,"column":77}},"4":{"start":{"line":12,"column":4},"end":{"line":12,"column":null}},"5":{"start":{"line":13,"column":4},"end":{"line":13,"column":null}},"6":{"start":{"line":14,"column":4},"end":{"line":14,"column":null}},"7":{"start":{"line":18,"column":4},"end":{"line":24,"column":null}},"8":{"start":{"line":6,"column":0},"end":{"line":6,"column":13}}},"fnMap":{"0":{"name":"(anonymous_0)","decl":{"start":{"line":11,"column":2},"end":{"line":11,"column":22}},"loc":{"start":{"line":11,"column":77},"end":{"line":15,"column":3}}},"1":{"name":"(anonymous_1)","decl":{"start":{"line":17,"column":2},"end":{"line":17,"column":9}},"loc":{"start":{"line":17,"column":9},"end":{"line":25,"column":3}}}},"branchMap":{"0":{"loc":{"start":{"line":13,"column":37},"end":{"line":13,"column":62}},"type":"binary-expr","locations":[{"start":{"line":13,"column":37},"end":{"line":13,"column":56}},{"start":{"line":13,"column":60},"end":{"line":13,"column":62}}]},"1":{"loc":{"start":{"line":22,"column":12},"end":{"line":22,"column":35}},"type":"binary-expr","locations":[{"start":{"line":22,"column":12},"end":{"line":22,"column":29}},{"start":{"line":22,"column":33},"end":{"line":22,"column":35}}]}},"s":{"0":13,"1":13,"2":9,"3":9,"4":9,"5":6,"6":6,"7":4,"8":13},"f":{"0":9,"1":4},"b":{"0":[6,3],"1":[4,3]}}
,"/home/lucasmachado/Documentos/goori/repos/user-pool/src/userPool/entities/Host.ts": {"path":"/home/lucasmachado/Documentos/goori/repos/user-pool/src/userPool/entities/Host.ts","statementMap":{"0":{"start":{"line":1,"column":0},"end":{"line":1,"column":37}},"1":{"start":{"line":5,"column":22},"end":{"line":5,"column":34}},"2":{"start":{"line":6,"column":4},"end":{"line":6,"column":null}},"3":{"start":{"line":10,"column":25},"end":{"line":10,"column":68}},"4":{"start":{"line":11,"column":4},"end":{"line":11,"column":null}},"5":{"start":{"line":11,"column":51},"end":{"line":11,"column":null}},"6":{"start":{"line":13,"column":4},"end":{"line":13,"column":null}},"7":{"start":{"line":14,"column":4},"end":{"line":14,"column":null}},"8":{"start":{"line":14,"column":19},"end":{"line":14,"column":null}},"9":{"start":{"line":18,"column":4},"end":{"line":18,"column":null}},"10":{"start":{"line":3,"column":0},"end":{"line":3,"column":13}}},"fnMap":{"0":{"name":"(anonymous_0)","decl":{"start":{"line":5,"column":2},"end":{"line":5,"column":22}},"loc":{"start":{"line":5,"column":34},"end":{"line":7,"column":3}}},"1":{"name":"(anonymous_1)","decl":{"start":{"line":9,"column":2},"end":{"line":9,"column":10}},"loc":{"start":{"line":9,"column":10},"end":{"line":15,"column":3}}},"2":{"name":"(anonymous_2)","decl":{"start":{"line":17,"column":2},"end":{"line":17,"column":10}},"loc":{"start":{"line":17,"column":10},"end":{"line":19,"column":3}}}},"branchMap":{"0":{"loc":{"start":{"line":11,"column":4},"end":{"line":11,"column":null}},"type":"if","locations":[{"start":{"line":11,"column":4},"end":{"line":11,"column":null}}]},"1":{"loc":{"start":{"line":11,"column":7},"end":{"line":11,"column":49}},"type":"binary-expr","locations":[{"start":{"line":11,"column":7},"end":{"line":11,"column":17}},{"start":{"line":11,"column":21},"end":{"line":11,"column":49}}]},"2":{"loc":{"start":{"line":14,"column":4},"end":{"line":14,"column":null}},"type":"if","locations":[{"start":{"line":14,"column":4},"end":{"line":14,"column":null}}]}},"s":{"0":15,"1":60,"2":60,"3":60,"4":60,"5":3,"6":57,"7":57,"8":1,"9":16,"10":15},"f":{"0":60,"1":60,"2":16},"b":{"0":[3],"1":[60,57],"2":[1]}}
,"/home/lucasmachado/Documentos/goori/repos/user-pool/src/userPool/entities/Master.ts": {"path":"/home/lucasmachado/Documentos/goori/repos/user-pool/src/userPool/entities/Master.ts","statementMap":{"0":{"start":{"line":1,"column":0},"end":{"line":1,"column":37}},"1":{"start":{"line":2,"column":0},"end":{"line":2,"column":39}},"2":{"start":{"line":10,"column":16},"end":{"line":10,"column":39}},"3":{"start":{"line":11,"column":16},"end":{"line":11,"column":36}},"4":{"start":{"line":13,"column":8},"end":{"line":13,"column":null}},"5":{"start":{"line":17,"column":8},"end":{"line":18,"column":null}},"6":{"start":{"line":18,"column":12},"end":{"line":18,"column":null}},"7":{"start":{"line":20,"column":22},"end":{"line":20,"column":64}},"8":{"start":{"line":21,"column":8},"end":{"line":21,"column":null}},"9":{"start":{"line":25,"column":8},"end":{"line":31,"column":null}},"10":{"start":{"line":26,"column":12},"end":{"line":26,"column":null}},"11":{"start":{"line":27,"column":12},"end":{"line":27,"column":null}},"12":{"start":{"line":30,"column":12},"end":{"line":30,"column":null}},"13":{"start":{"line":35,"column":8},"end":{"line":35,"column":null}},"14":{"start":{"line":6,"column":0},"end":{"line":6,"column":13}},"15":{"start":{"line":39,"column":0},"end":{"line":39,"column":null}},"16":{"start":{"line":40,"column":4},"end":{"line":40,"column":null}},"17":{"start":{"line":41,"column":4},"end":{"line":41,"column":null}}},"fnMap":{"0":{"name":"(anonymous_0)","decl":{"start":{"line":9,"column":4},"end":{"line":9,"column":null}},"loc":{"start":{"line":11,"column":36},"end":{"line":14,"column":5}}},"1":{"name":"(anonymous_1)","decl":{"start":{"line":16,"column":4},"end":{"line":16,"column":8}},"loc":{"start":{"line":16,"column":32},"end":{"line":22,"column":5}}},"2":{"name":"(anonymous_2)","decl":{"start":{"line":24,"column":4},"end":{"line":24,"column":10}},"loc":{"start":{"line":24,"column":24},"end":{"line":32,"column":5}}},"3":{"name":"(anonymous_3)","decl":{"start":{"line":34,"column":12},"end":{"line":34,"column":24}},"loc":{"start":{"line":34,"column":24},"end":{"line":36,"column":5}}},"4":{"name":"(anonymous_4)","decl":{"start":{"line":39,"column":0},"end":{"line":39,"column":12}},"loc":{"start":{"line":39,"column":27},"end":{"line":42,"column":1}}}},"branchMap":{"0":{"loc":{"start":{"line":17,"column":8},"end":{"line":18,"column":null}},"type":"if","locations":[{"start":{"line":17,"column":8},"end":{"line":18,"column":null}}]},"1":{"loc":{"start":{"line":39,"column":12},"end":{"line":39,"column":null}},"type":"binary-expr","locations":[{"start":{"line":39,"column":12},"end":{"line":39,"column":27}},{"start":{"line":39,"column":12},"end":{"line":39,"column":null}}]}},"s":{"0":14,"1":14,"2":22,"3":22,"4":22,"5":7,"6":3,"7":4,"8":4,"9":15,"10":15,"11":12,"12":3,"13":7,"14":14,"15":14,"16":14,"17":14},"f":{"0":22,"1":7,"2":15,"3":7,"4":14},"b":{"0":[3],"1":[14,14]}}
,"/home/lucasmachado/Documentos/goori/repos/user-pool/src/userPool/entities/NumberInput.ts": {"path":"/home/lucasmachado/Documentos/goori/repos/user-pool/src/userPool/entities/NumberInput.ts","statementMap":{"0":{"start":{"line":1,"column":0},"end":{"line":1,"column":37}},"1":{"start":{"line":4,"column":22},"end":{"line":4,"column":44}},"2":{"start":{"line":4,"column":54},"end":{"line":4,"column":62}},"3":{"start":{"line":5,"column":4},"end":{"line":5,"column":null}},"4":{"start":{"line":6,"column":4},"end":{"line":6,"column":null}},"5":{"start":{"line":6,"column":26},"end":{"line":6,"column":null}},"6":{"start":{"line":10,"column":4},"end":{"line":10,"column":null}},"7":{"start":{"line":10,"column":23},"end":{"line":10,"column":null}},"8":{"start":{"line":11,"column":4},"end":{"line":11,"column":null}},"9":{"start":{"line":15,"column":4},"end":{"line":15,"column":null}},"10":{"start":{"line":3,"column":0},"end":{"line":3,"column":13}}},"fnMap":{"0":{"name":"(anonymous_0)","decl":{"start":{"line":4,"column":2},"end":{"line":4,"column":22}},"loc":{"start":{"line":4,"column":74},"end":{"line":7,"column":3}}},"1":{"name":"(anonymous_1)","decl":{"start":{"line":9,"column":2},"end":{"line":9,"column":10}},"loc":{"start":{"line":9,"column":10},"end":{"line":12,"column":3}}},"2":{"name":"(anonymous_2)","decl":{"start":{"line":14,"column":2},"end":{"line":14,"column":10}},"loc":{"start":{"line":14,"column":10},"end":{"line":16,"column":3}}}},"branchMap":{"0":{"loc":{"start":{"line":4,"column":54},"end":{"line":4,"column":74}},"type":"default-arg","locations":[{"start":{"line":4,"column":62},"end":{"line":4,"column":74}}]},"1":{"loc":{"start":{"line":6,"column":4},"end":{"line":6,"column":null}},"type":"if","locations":[{"start":{"line":6,"column":4},"end":{"line":6,"column":null}}]},"2":{"loc":{"start":{"line":10,"column":4},"end":{"line":10,"column":null}},"type":"if","locations":[{"start":{"line":10,"column":4},"end":{"line":10,"column":null}}]}},"s":{"0":13,"1":6,"2":6,"3":6,"4":6,"5":0,"6":6,"7":1,"8":5,"9":4,"10":13},"f":{"0":6,"1":6,"2":4},"b":{"0":[6],"1":[0],"2":[1]}}
,"/home/lucasmachado/Documentos/goori/repos/user-pool/src/userPool/entities/Origin.ts": {"path":"/home/lucasmachado/Documentos/goori/repos/user-pool/src/userPool/entities/Origin.ts","statementMap":{"0":{"start":{"line":1,"column":0},"end":{"line":1,"column":30}},"1":{"start":{"line":2,"column":0},"end":{"line":2,"column":38}},"2":{"start":{"line":7,"column":22},"end":{"line":7,"column":47}},"3":{"start":{"line":5,"column":10},"end":{"line":5,"column":null}},"4":{"start":{"line":8,"column":4},"end":{"line":8,"column":null}},"5":{"start":{"line":8,"column":25},"end":{"line":8,"column":null}},"6":{"start":{"line":9,"column":4},"end":{"line":9,"column":null}},"7":{"start":{"line":9,"column":36},"end":{"line":9,"column":null}},"8":{"start":{"line":10,"column":4},"end":{"line":12,"column":null}},"9":{"start":{"line":11,"column":6},"end":{"line":11,"column":null}},"10":{"start":{"line":16,"column":4},"end":{"line":16,"column":null}},"11":{"start":{"line":16,"column":35},"end":{"line":16,"column":50}},"12":{"start":{"line":4,"column":0},"end":{"line":4,"column":13}}},"fnMap":{"0":{"name":"(anonymous_0)","decl":{"start":{"line":7,"column":2},"end":{"line":7,"column":22}},"loc":{"start":{"line":7,"column":47},"end":{"line":13,"column":3}}},"1":{"name":"(anonymous_1)","decl":{"start":{"line":10,"column":25},"end":{"line":10,"column":35}},"loc":{"start":{"line":10,"column":38},"end":{"line":12,"column":5}}},"2":{"name":"(anonymous_2)","decl":{"start":{"line":15,"column":2},"end":{"line":15,"column":10}},"loc":{"start":{"line":15,"column":10},"end":{"line":17,"column":3}}},"3":{"name":"(anonymous_3)","decl":{"start":{"line":16,"column":27},"end":{"line":16,"column":31}},"loc":{"start":{"line":16,"column":35},"end":{"line":16,"column":50}}}},"branchMap":{"0":{"loc":{"start":{"line":8,"column":4},"end":{"line":8,"column":null}},"type":"if","locations":[{"start":{"line":8,"column":4},"end":{"line":8,"column":null}}]},"1":{"loc":{"start":{"line":9,"column":4},"end":{"line":9,"column":null}},"type":"if","locations":[{"start":{"line":9,"column":4},"end":{"line":9,"column":null}}]}},"s":{"0":15,"1":15,"2":45,"3":45,"4":45,"5":2,"6":43,"7":1,"8":42,"9":60,"10":14,"11":16,"12":15},"f":{"0":45,"1":60,"2":14,"3":16},"b":{"0":[2],"1":[1]}}
,"/home/lucasmachado/Documentos/goori/repos/user-pool/src/userPool/entities/TextInput.ts": {"path":"/home/lucasmachado/Documentos/goori/repos/user-pool/src/userPool/entities/TextInput.ts","statementMap":{"0":{"start":{"line":1,"column":0},"end":{"line":1,"column":37}},"1":{"start":{"line":4,"column":23},"end":{"line":4,"column":45}},"2":{"start":{"line":5,"column":22},"end":{"line":5,"column":40}},"3":{"start":{"line":6,"column":4},"end":{"line":6,"column":null}},"4":{"start":{"line":6,"column":57},"end":{"line":6,"column":null}},"5":{"start":{"line":10,"column":4},"end":{"line":10,"column":null}},"6":{"start":{"line":14,"column":18},"end":{"line":14,"column":33}},"7":{"start":{"line":15,"column":4},"end":{"line":15,"column":null}},"8":{"start":{"line":15,"column":28},"end":{"line":15,"column":null}},"9":{"start":{"line":16,"column":4},"end":{"line":16,"column":null}},"10":{"start":{"line":20,"column":18},"end":{"line":20,"column":33}},"11":{"start":{"line":21,"column":26},"end":{"line":21,"column":43}},"12":{"start":{"line":22,"column":4},"end":{"line":22,"column":null}},"13":{"start":{"line":22,"column":32},"end":{"line":22,"column":null}},"14":{"start":{"line":23,"column":4},"end":{"line":23,"column":null}},"15":{"start":{"line":3,"column":0},"end":{"line":3,"column":13}}},"fnMap":{"0":{"name":"(anonymous_0)","decl":{"start":{"line":4,"column":2},"end":{"line":4,"column":23}},"loc":{"start":{"line":4,"column":45},"end":{"line":7,"column":3}}},"1":{"name":"(anonymous_1)","decl":{"start":{"line":9,"column":2},"end":{"line":9,"column":10}},"loc":{"start":{"line":9,"column":10},"end":{"line":11,"column":3}}},"2":{"name":"(anonymous_2)","decl":{"start":{"line":13,"column":2},"end":{"line":13,"column":11}},"loc":{"start":{"line":13,"column":11},"end":{"line":17,"column":3}}},"3":{"name":"(anonymous_3)","decl":{"start":{"line":19,"column":2},"end":{"line":19,"column":12}},"loc":{"start":{"line":19,"column":12},"end":{"line":24,"column":3}}}},"branchMap":{"0":{"loc":{"start":{"line":6,"column":4},"end":{"line":6,"column":null}},"type":"if","locations":[{"start":{"line":6,"column":4},"end":{"line":6,"column":null}}]},"1":{"loc":{"start":{"line":6,"column":7},"end":{"line":6,"column":55}},"type":"binary-expr","locations":[{"start":{"line":6,"column":7},"end":{"line":6,"column":29}},{"start":{"line":6,"column":33},"end":{"line":6,"column":55}}]},"2":{"loc":{"start":{"line":15,"column":4},"end":{"line":15,"column":null}},"type":"if","locations":[{"start":{"line":15,"column":4},"end":{"line":15,"column":null}}]},"3":{"loc":{"start":{"line":22,"column":4},"end":{"line":22,"column":null}},"type":"if","locations":[{"start":{"line":22,"column":4},"end":{"line":22,"column":null}}]}},"s":{"0":15,"1":106,"2":106,"3":106,"4":2,"5":139,"6":95,"7":95,"8":5,"9":90,"10":1,"11":1,"12":1,"13":1,"14":0,"15":15},"f":{"0":106,"1":139,"2":95,"3":1},"b":{"0":[2],"1":[106,3],"2":[5],"3":[1]}}
,"/home/lucasmachado/Documentos/goori/repos/user-pool/src/userPool/entities/Tokenizer.ts": {"path":"/home/lucasmachado/Documentos/goori/repos/user-pool/src/userPool/entities/Tokenizer.ts","statementMap":{"0":{"start":{"line":1,"column":0},"end":{"line":1,"column":31}},"1":{"start":{"line":2,"column":0},"end":{"line":2,"column":38}},"2":{"start":{"line":8,"column":4},"end":{"line":8,"column":37}},"3":{"start":{"line":12,"column":4},"end":{"line":19,"column":null}},"4":{"start":{"line":13,"column":25},"end":{"line":13,"column":50}},"5":{"start":{"line":14,"column":22},"end":{"line":14,"column":88}},"6":{"start":{"line":15,"column":6},"end":{"line":15,"column":21}},"7":{"start":{"line":18,"column":6},"end":{"line":18,"column":71}},"8":{"start":{"line":23,"column":4},"end":{"line":29,"column":null}},"9":{"start":{"line":24,"column":22},"end":{"line":24,"column":39}},"10":{"start":{"line":25,"column":6},"end":{"line":25,"column":null}},"11":{"start":{"line":28,"column":6},"end":{"line":28,"column":null}},"12":{"start":{"line":6,"column":0},"end":{"line":6,"column":13}}},"fnMap":{"0":{"name":"(anonymous_1)","decl":{"start":{"line":7,"column":2},"end":{"line":7,"column":6}},"loc":{"start":{"line":7,"column":48},"end":{"line":9,"column":3}}},"1":{"name":"(anonymous_2)","decl":{"start":{"line":11,"column":2},"end":{"line":11,"column":8}},"loc":{"start":{"line":11,"column":38},"end":{"line":20,"column":3}}},"2":{"name":"(anonymous_3)","decl":{"start":{"line":22,"column":2},"end":{"line":22,"column":8}},"loc":{"start":{"line":22,"column":22},"end":{"line":30,"column":3}}}},"branchMap":{"0":{"loc":{"start":{"line":14,"column":22},"end":{"line":14,"column":88}},"type":"cond-expr","locations":[{"start":{"line":14,"column":54},"end":{"line":14,"column":75}},{"start":{"line":14,"column":78},"end":{"line":14,"column":88}}]}},"s":{"0":16,"1":16,"2":13,"3":22,"4":22,"5":17,"6":17,"7":5,"8":5,"9":5,"10":5,"11":0,"12":16},"f":{"0":13,"1":22,"2":5},"b":{"0":[0,17]}}
,"/home/lucasmachado/Documentos/goori/repos/user-pool/src/userPool/entities/WebError.ts": {"path":"/home/lucasmachado/Documentos/goori/repos/user-pool/src/userPool/entities/WebError.ts","statementMap":{"0":{"start":{"line":7,"column":0},"end":{"line":9,"column":null}},"1":{"start":{"line":8,"column":2},"end":{"line":8,"column":null}},"2":{"start":{"line":15,"column":4},"end":{"line":15,"column":null}},"3":{"start":{"line":14,"column":21},"end":{"line":14,"column":36}},"4":{"start":{"line":14,"column":45},"end":{"line":14,"column":66}},"5":{"start":{"line":12,"column":10},"end":{"line":12,"column":null}},"6":{"start":{"line":19,"column":4},"end":{"line":19,"column":null}},"7":{"start":{"line":23,"column":29},"end":{"line":23,"column":31}},"8":{"start":{"line":24,"column":4},"end":{"line":26,"column":null}},"9":{"start":{"line":25,"column":6},"end":{"line":25,"column":null}},"10":{"start":{"line":27,"column":4},"end":{"line":27,"column":null}},"11":{"start":{"line":28,"column":4},"end":{"line":28,"column":null}},"12":{"start":{"line":32,"column":4},"end":{"line":32,"column":null}},"13":{"start":{"line":11,"column":0},"end":{"line":11,"column":13}}},"fnMap":{"0":{"name":"(anonymous_0)","decl":{"start":{"line":7,"column":30},"end":{"line":7,"column":null}},"loc":{"start":{"line":7,"column":30},"end":{"line":9,"column":1}}},"1":{"name":"(anonymous_1)","decl":{"start":{"line":14,"column":2},"end":{"line":14,"column":21}},"loc":{"start":{"line":14,"column":69},"end":{"line":16,"column":3}}},"2":{"name":"(anonymous_2)","decl":{"start":{"line":18,"column":2},"end":{"line":18,"column":7}},"loc":{"start":{"line":18,"column":16},"end":{"line":20,"column":3}}},"3":{"name":"(anonymous_3)","decl":{"start":{"line":22,"column":2},"end":{"line":22,"column":13}},"loc":{"start":{"line":22,"column":13},"end":{"line":29,"column":3}}},"4":{"name":"(anonymous_4)","decl":{"start":{"line":31,"column":2},"end":{"line":31,"column":10}},"loc":{"start":{"line":31,"column":10},"end":{"line":33,"column":3}}}},"branchMap":{"0":{"loc":{"start":{"line":14,"column":45},"end":{"line":14,"column":69}},"type":"default-arg","locations":[{"start":{"line":14,"column":66},"end":{"line":14,"column":69}}]}},"s":{"0":20,"1":0,"2":47,"3":47,"4":47,"5":47,"6":0,"7":9,"8":9,"9":0,"10":9,"11":9,"12":18,"13":20},"f":{"0":0,"1":47,"2":0,"3":9,"4":18},"b":{"0":[0]}}
,"/home/lucasmachado/Documentos/goori/repos/user-pool/src/userPool/entities/index.ts": {"path":"/home/lucasmachado/Documentos/goori/repos/user-pool/src/userPool/entities/index.ts","statementMap":{"0":{"start":{"line":1,"column":0},"end":{"line":1,"column":26}},"1":{"start":{"line":2,"column":0},"end":{"line":2,"column":27}},"2":{"start":{"line":3,"column":0},"end":{"line":3,"column":23}}},"fnMap":{},"branchMap":{},"s":{"0":13,"1":13,"2":13},"f":{},"b":{}}
,"/home/lucasmachado/Documentos/goori/repos/user-pool/src/userPool/interfaces/index.ts": {"path":"/home/lucasmachado/Documentos/goori/repos/user-pool/src/userPool/interfaces/index.ts","statementMap":{"0":{"start":{"line":1,"column":0},"end":{"line":1,"column":30}},"1":{"start":{"line":2,"column":0},"end":{"line":2,"column":39}},"2":{"start":{"line":3,"column":0},"end":{"line":3,"column":37}},"3":{"start":{"line":4,"column":0},"end":{"line":4,"column":34}},"4":{"start":{"line":5,"column":0},"end":{"line":5,"column":31}},"5":{"start":{"line":6,"column":0},"end":{"line":6,"column":35}},"6":{"start":{"line":7,"column":0},"end":{"line":7,"column":33}},"7":{"start":{"line":8,"column":0},"end":{"line":8,"column":42}},"8":{"start":{"line":9,"column":0},"end":{"line":9,"column":34}},"9":{"start":{"line":10,"column":0},"end":{"line":10,"column":31}},"10":{"start":{"line":11,"column":0},"end":{"line":11,"column":36}},"11":{"start":{"line":12,"column":0},"end":{"line":12,"column":34}},"12":{"start":{"line":13,"column":0},"end":{"line":13,"column":37}}},"fnMap":{},"branchMap":{},"s":{"0":13,"1":13,"2":13,"3":13,"4":13,"5":13,"6":13,"7":13,"8":13,"9":13,"10":13,"11":13,"12":13},"f":{},"b":{}}
,"/home/lucasmachado/Documentos/goori/repos/user-pool/src/userPool/uses/authConsumer.ts": {"path":"/home/lucasmachado/Documentos/goori/repos/user-pool/src/userPool/uses/authConsumer.ts","statementMap":{"0":{"start":{"line":2,"column":0},"end":{"line":2,"column":48}},"1":{"start":{"line":9,"column":29},"end":{"line":9,"column":71}},"2":{"start":{"line":10,"column":2},"end":{"line":17,"column":null}},"3":{"start":{"line":11,"column":21},"end":{"line":11,"column":83}},"4":{"start":{"line":12,"column":18},"end":{"line":12,"column":59}},"5":{"start":{"line":13,"column":4},"end":{"line":13,"column":null}},"6":{"start":{"line":16,"column":4},"end":{"line":16,"column":null}},"7":{"start":{"line":8,"column":0},"end":{"line":8,"column":30}}},"fnMap":{"0":{"name":"authConsumer","decl":{"start":{"line":8,"column":30},"end":{"line":8,"column":42}},"loc":{"start":{"line":8,"column":108},"end":{"line":18,"column":null}}}},"branchMap":{},"s":{"0":13,"1":6,"2":6,"3":6,"4":5,"5":4,"6":2,"7":13},"f":{"0":6},"b":{}}
,"/home/lucasmachado/Documentos/goori/repos/user-pool/src/userPool/uses/authMaster.ts": {"path":"/home/lucasmachado/Documentos/goori/repos/user-pool/src/userPool/uses/authMaster.ts","statementMap":{"0":{"start":{"line":1,"column":0},"end":{"line":1,"column":60}},"1":{"start":{"line":3,"column":0},"end":{"line":3,"column":65}},"2":{"start":{"line":13,"column":26},"end":{"line":13,"column":110}},"3":{"start":{"line":14,"column":23},"end":{"line":14,"column":104}},"4":{"start":{"line":15,"column":17},"end":{"line":15,"column":58}},"5":{"start":{"line":16,"column":16},"end":{"line":16,"column":43}},"6":{"start":{"line":17,"column":2},"end":{"line":17,"column":null}},"7":{"start":{"line":9,"column":0},"end":{"line":9,"column":30}}},"fnMap":{"0":{"name":"authMaster","decl":{"start":{"line":9,"column":30},"end":{"line":9,"column":40}},"loc":{"start":{"line":11,"column":58},"end":{"line":18,"column":null}}}},"branchMap":{"0":{"loc":{"start":{"line":11,"column":4},"end":{"line":11,"column":58}},"type":"default-arg","locations":[{"start":{"line":11,"column":33},"end":{"line":11,"column":58}}]}},"s":{"0":13,"1":13,"2":5,"3":5,"4":5,"5":5,"6":3,"7":13},"f":{"0":5},"b":{"0":[2]}}
,"/home/lucasmachado/Documentos/goori/repos/user-pool/src/userPool/uses/getConsumersStats.ts": {"path":"/home/lucasmachado/Documentos/goori/repos/user-pool/src/userPool/uses/getConsumersStats.ts","statementMap":{"0":{"start":{"line":8,"column":29},"end":{"line":8,"column":71}},"1":{"start":{"line":9,"column":20},"end":{"line":9,"column":53}},"2":{"start":{"line":10,"column":24},"end":{"line":12,"column":4}},"3":{"start":{"line":11,"column":4},"end":{"line":11,"column":null}},"4":{"start":{"line":13,"column":16},"end":{"line":13,"column":32}},"5":{"start":{"line":14,"column":17},"end":{"line":14,"column":22}},"6":{"start":{"line":15,"column":19},"end":{"line":15,"column":20}},"7":{"start":{"line":17,"column":2},"end":{"line":22,"column":null}},"8":{"start":{"line":7,"column":0},"end":{"line":7,"column":31}}},"fnMap":{"0":{"name":"getConsumersStats","decl":{"start":{"line":7,"column":31},"end":{"line":7,"column":48}},"loc":{"start":{"line":7,"column":82},"end":{"line":23,"column":null}}},"1":{"name":"(anonymous_9)","decl":{"start":{"line":10,"column":38},"end":{"line":10,"column":39}},"loc":{"start":{"line":10,"column":50},"end":{"line":12,"column":3}}}},"branchMap":{},"s":{"0":3,"1":3,"2":3,"3":1,"4":3,"5":3,"6":3,"7":3,"8":13},"f":{"0":3,"1":1},"b":{}}
,"/home/lucasmachado/Documentos/goori/repos/user-pool/src/userPool/uses/index.ts": {"path":"/home/lucasmachado/Documentos/goori/repos/user-pool/src/userPool/uses/index.ts","statementMap":{"0":{"start":{"line":1,"column":0},"end":{"line":1,"column":7}},"1":{"start":{"line":10,"column":2},"end":{"line":1,"column":38}},"2":{"start":{"line":2,"column":0},"end":{"line":2,"column":7}},"3":{"start":{"line":11,"column":2},"end":{"line":2,"column":56}},"4":{"start":{"line":3,"column":0},"end":{"line":3,"column":7}},"5":{"start":{"line":12,"column":2},"end":{"line":3,"column":50}},"6":{"start":{"line":4,"column":0},"end":{"line":4,"column":7}},"7":{"start":{"line":13,"column":2},"end":{"line":4,"column":42}},"8":{"start":{"line":5,"column":0},"end":{"line":5,"column":7}},"9":{"start":{"line":14,"column":2},"end":{"line":5,"column":52}},"10":{"start":{"line":6,"column":0},"end":{"line":6,"column":7}},"11":{"start":{"line":15,"column":2},"end":{"line":6,"column":44}},"12":{"start":{"line":7,"column":0},"end":{"line":7,"column":7}},"13":{"start":{"line":16,"column":2},"end":{"line":7,"column":60}}},"fnMap":{},"branchMap":{},"s":{"0":13,"1":13,"2":13,"3":13,"4":13,"5":13,"6":13,"7":13,"8":13,"9":13,"10":13,"11":13,"12":13,"13":13},"f":{},"b":{}}
,"/home/lucasmachado/Documentos/goori/repos/user-pool/src/userPool/uses/registerConsumer.ts": {"path":"/home/lucasmachado/Documentos/goori/repos/user-pool/src/userPool/uses/registerConsumer.ts","statementMap":{"0":{"start":{"line":1,"column":0},"end":{"line":1,"column":47}},"1":{"start":{"line":13,"column":19},"end":{"line":13,"column":40}},"2":{"start":{"line":14,"column":29},"end":{"line":14,"column":71}},"3":{"start":{"line":16,"column":18},"end":{"line":16,"column":57}},"4":{"start":{"line":17,"column":2},"end":{"line":17,"column":null}},"5":{"start":{"line":19,"column":2},"end":{"line":22,"column":null}},"6":{"start":{"line":12,"column":0},"end":{"line":12,"column":30}}},"fnMap":{"0":{"name":"registerConsumer","decl":{"start":{"line":12,"column":30},"end":{"line":12,"column":46}},"loc":{"start":{"line":12,"column":111},"end":{"line":23,"column":null}}}},"branchMap":{},"s":{"0":13,"1":14,"2":9,"3":9,"4":8,"5":8,"6":13},"f":{"0":14},"b":{}}
,"/home/lucasmachado/Documentos/goori/repos/user-pool/src/userPool/uses/registerGroup.ts": {"path":"/home/lucasmachado/Documentos/goori/repos/user-pool/src/userPool/uses/registerGroup.ts","statementMap":{"0":{"start":{"line":1,"column":0},"end":{"line":1,"column":36}},"1":{"start":{"line":9,"column":26},"end":{"line":9,"column":65}},"2":{"start":{"line":10,"column":16},"end":{"line":10,"column":56}},"3":{"start":{"line":11,"column":13},"end":{"line":11,"column":46}},"4":{"start":{"line":12,"column":2},"end":{"line":12,"column":null}},"5":{"start":{"line":8,"column":0},"end":{"line":8,"column":30}}},"fnMap":{"0":{"name":"registerGroup","decl":{"start":{"line":8,"column":30},"end":{"line":8,"column":43}},"loc":{"start":{"line":8,"column":127},"end":{"line":13,"column":null}}}},"branchMap":{},"s":{"0":13,"1":6,"2":6,"3":4,"4":4,"5":13},"f":{"0":6},"b":{}}
,"/home/lucasmachado/Documentos/goori/repos/user-pool/src/userPool/uses/validateConsumerToken.ts": {"path":"/home/lucasmachado/Documentos/goori/repos/user-pool/src/userPool/uses/validateConsumerToken.ts","statementMap":{"0":{"start":{"line":1,"column":0},"end":{"line":1,"column":49}},"1":{"start":{"line":9,"column":28},"end":{"line":9,"column":70}},"2":{"start":{"line":10,"column":19},"end":{"line":10,"column":34}},"3":{"start":{"line":11,"column":1},"end":{"line":18,"column":null}},"4":{"start":{"line":12,"column":23},"end":{"line":12,"column":46}},"5":{"start":{"line":13,"column":19},"end":{"line":13,"column":80}},"6":{"start":{"line":14,"column":2},"end":{"line":14,"column":null}},"7":{"start":{"line":17,"column":2},"end":{"line":17,"column":null}},"8":{"start":{"line":8,"column":0},"end":{"line":8,"column":30}}},"fnMap":{"0":{"name":"validateConsumerToken","decl":{"start":{"line":8,"column":30},"end":{"line":8,"column":51}},"loc":{"start":{"line":8,"column":104},"end":{"line":19,"column":null}}}},"branchMap":{"0":{"loc":{"start":{"line":13,"column":53},"end":{"line":13,"column":79}},"type":"cond-expr","locations":[{"start":{"line":13,"column":65},"end":{"line":13,"column":67}},{"start":{"line":13,"column":53},"end":{"line":13,"column":79}}]},"1":{"loc":{"start":{"line":13,"column":53},"end":{"line":13,"column":67}},"type":"binary-expr","locations":[{"start":{"line":13,"column":53},"end":{"line":13,"column":67}},{"start":{"line":13,"column":53},"end":{"line":13,"column":67}}]}},"s":{"0":13,"1":5,"2":5,"3":5,"4":5,"5":5,"6":3,"7":2,"8":13},"f":{"0":5},"b":{"0":[2,3],"1":[5,3]}}
,"/home/lucasmachado/Documentos/goori/repos/user-pool/src/userPool/uses/validateMasterToken.ts": {"path":"/home/lucasmachado/Documentos/goori/repos/user-pool/src/userPool/uses/validateMasterToken.ts","statementMap":{"0":{"start":{"line":1,"column":0},"end":{"line":1,"column":60}},"1":{"start":{"line":2,"column":0},"end":{"line":2,"column":65}},"2":{"start":{"line":13,"column":26},"end":{"line":13,"column":110}},"3":{"start":{"line":14,"column":23},"end":{"line":14,"column":104}},"4":{"start":{"line":15,"column":17},"end":{"line":15,"column":58}},"5":{"start":{"line":16,"column":2},"end":{"line":16,"column":null}},"6":{"start":{"line":9,"column":0},"end":{"line":9,"column":30}}},"fnMap":{"0":{"name":"validateMasterToken","decl":{"start":{"line":9,"column":30},"end":{"line":9,"column":49}},"loc":{"start":{"line":11,"column":67},"end":{"line":17,"column":null}}}},"branchMap":{"0":{"loc":{"start":{"line":11,"column":4},"end":{"line":11,"column":67}},"type":"default-arg","locations":[{"start":{"line":11,"column":42},"end":{"line":11,"column":67}}]}},"s":{"0":13,"1":13,"2":15,"3":15,"4":15,"5":15,"6":13},"f":{"0":15},"b":{"0":[13]}}
,"/home/lucasmachado/Documentos/goori/repos/user-pool/src/utils/createRoutePath.ts": {"path":"/home/lucasmachado/Documentos/goori/repos/user-pool/src/utils/createRoutePath.ts","statementMap":{"0":{"start":{"line":1,"column":0},"end":{"line":1,"column":23}},"1":{"start":{"line":3,"column":0},"end":{"line":7,"column":null}},"2":{"start":{"line":4,"column":22},"end":{"line":4,"column":31}},"3":{"start":{"line":5,"column":22},"end":{"line":5,"column":51}},"4":{"start":{"line":6,"column":4},"end":{"line":6,"column":null}}},"fnMap":{"0":{"name":"(anonymous_1)","decl":{"start":{"line":3,"column":15},"end":{"line":3,"column":16}},"loc":{"start":{"line":3,"column":42},"end":{"line":7,"column":1}}}},"branchMap":{},"s":{"0":5,"1":5,"2":15,"3":15,"4":15},"f":{"0":15},"b":{}}
,"/home/lucasmachado/Documentos/goori/repos/user-pool/tests/mocks/acessKey.ts": {"path":"/home/lucasmachado/Documentos/goori/repos/user-pool/tests/mocks/acessKey.ts","statementMap":{"0":{"start":{"line":1,"column":13},"end":{"line":3,"column":null}},"1":{"start":{"line":5,"column":13},"end":{"line":8,"column":null}}},"fnMap":{},"branchMap":{},"s":{"0":1,"1":1},"f":{},"b":{}}
,"/home/lucasmachado/Documentos/goori/repos/user-pool/tests/mocks/consumerInputPayload.ts": {"path":"/home/lucasmachado/Documentos/goori/repos/user-pool/tests/mocks/consumerInputPayload.ts","statementMap":{"0":{"start":{"line":3,"column":13},"end":{"line":9,"column":null}},"1":{"start":{"line":11,"column":13},"end":{"line":17,"column":null}}},"fnMap":{},"branchMap":{},"s":{"0":2,"1":2},"f":{},"b":{}}
,"/home/lucasmachado/Documentos/goori/repos/user-pool/tests/mocks/masterAccessToken.ts": {"path":"/home/lucasmachado/Documentos/goori/repos/user-pool/tests/mocks/masterAccessToken.ts","statementMap":{"0":{"start":{"line":1,"column":0},"end":{"line":1,"column":30}},"1":{"start":{"line":2,"column":21},"end":{"line":2,"column":56}},"2":{"start":{"line":3,"column":13},"end":{"line":3,"column":null}},"3":{"start":{"line":4,"column":13},"end":{"line":4,"column":null}}},"fnMap":{},"branchMap":{},"s":{"0":2,"1":2,"2":2,"3":2},"f":{},"b":{}}
,"/home/lucasmachado/Documentos/goori/repos/user-pool/tests/mocks/mockConfigurationRepository.ts": {"path":"/home/lucasmachado/Documentos/goori/repos/user-pool/tests/mocks/mockConfigurationRepository.ts","statementMap":{"0":{"start":{"line":4,"column":10},"end":{"line":7,"column":null}},"1":{"start":{"line":10,"column":4},"end":{"line":10,"column":null}},"2":{"start":{"line":14,"column":4},"end":{"line":14,"column":null}},"3":{"start":{"line":18,"column":4},"end":{"line":18,"column":null}},"4":{"start":{"line":21,"column":4},"end":{"line":21,"column":null}},"5":{"start":{"line":3,"column":0},"end":{"line":3,"column":13}}},"fnMap":{"0":{"name":"(anonymous_7)","decl":{"start":{"line":3,"column":0},"end":{"line":3,"column":13}},"loc":{"start":{"line":3,"column":0},"end":{"line":23,"column":1}}},"1":{"name":"(anonymous_8)","decl":{"start":{"line":9,"column":8},"end":{"line":9,"column":11}},"loc":{"start":{"line":9,"column":28},"end":{"line":11,"column":null}}},"2":{"name":"(anonymous_10)","decl":{"start":{"line":13,"column":8},"end":{"line":13,"column":11}},"loc":{"start":{"line":13,"column":44},"end":{"line":15,"column":null}}},"3":{"name":"(anonymous_12)","decl":{"start":{"line":17,"column":8},"end":{"line":17,"column":13}},"loc":{"start":{"line":17,"column":30},"end":{"line":19,"column":null}}},"4":{"name":"(anonymous_14)","decl":{"start":{"line":20,"column":2},"end":{"line":20,"column":8}},"loc":{"start":{"line":20,"column":25},"end":{"line":22,"column":3}}}},"branchMap":{},"s":{"0":3,"1":11,"2":2,"3":0,"4":0,"5":2},"f":{"0":3,"1":11,"2":2,"3":0,"4":0},"b":{}}
}
