{"/home/lucasmachado/Documentos/goori/repos/user-pool/src/app.ts": {"path":"/home/lucasmachado/Documentos/goori/repos/user-pool/src/app.ts","statementMap":{"0":{"start":{"line":1,"column":0},"end":{"line":1,"column":29}},"1":{"start":{"line":2,"column":0},"end":{"line":2,"column":53}},"2":{"start":{"line":3,"column":0},"end":{"line":3,"column":42}},"3":{"start":{"line":5,"column":12},"end":{"line":5,"column":21}},"4":{"start":{"line":6,"column":0},"end":{"line":6,"column":null}},"5":{"start":{"line":7,"column":0},"end":{"line":7,"column":null}},"6":{"start":{"line":9,"column":0},"end":{"line":9,"column":null}}},"fnMap":{},"branchMap":{},"s":{"0":2,"1":2,"2":2,"3":2,"4":2,"5":2,"6":2},"f":{},"b":{}}
,"/home/lucasmachado/Documentos/goori/repos/user-pool/src/entities/accessKey/accessKey.ts": {"path":"/home/lucasmachado/Documentos/goori/repos/user-pool/src/entities/accessKey/accessKey.ts","statementMap":{"0":{"start":{"line":1,"column":0},"end":{"line":1,"column":46}},"1":{"start":{"line":4,"column":21},"end":{"line":4,"column":58}},"2":{"start":{"line":5,"column":19},"end":{"line":5,"column":41}},"3":{"start":{"line":6,"column":2},"end":{"line":6,"column":null}},"4":{"start":{"line":10,"column":2},"end":{"line":10,"column":null}},"5":{"start":{"line":10,"column":42},"end":{"line":10,"column":59}},"6":{"start":{"line":16,"column":22},"end":{"line":16,"column":33}},"7":{"start":{"line":17,"column":4},"end":{"line":17,"column":null}},"8":{"start":{"line":21,"column":4},"end":{"line":21,"column":null}},"9":{"start":{"line":25,"column":25},"end":{"line":25,"column":56}},"10":{"start":{"line":26,"column":21},"end":{"line":26,"column":40}},"11":{"start":{"line":27,"column":4},"end":{"line":27,"column":68}},"12":{"start":{"line":27,"column":30},"end":{"line":27,"column":68}},"13":{"start":{"line":28,"column":4},"end":{"line":28,"column":null}},"14":{"start":{"line":28,"column":50},"end":{"line":28,"column":null}},"15":{"start":{"line":29,"column":4},"end":{"line":29,"column":null}},"16":{"start":{"line":29,"column":50},"end":{"line":29,"column":null}},"17":{"start":{"line":31,"column":27},"end":{"line":31,"column":85}},"18":{"start":{"line":32,"column":4},"end":{"line":32,"column":null}},"19":{"start":{"line":32,"column":39},"end":{"line":32,"column":null}},"20":{"start":{"line":36,"column":19},"end":{"line":36,"column":47}},"21":{"start":{"line":37,"column":19},"end":{"line":37,"column":47}},"22":{"start":{"line":38,"column":19},"end":{"line":38,"column":67}},"23":{"start":{"line":40,"column":16},"end":{"line":40,"column":47}},"24":{"start":{"line":41,"column":4},"end":{"line":41,"column":null}},"25":{"start":{"line":45,"column":26},"end":{"line":45,"column":27}},"26":{"start":{"line":46,"column":28},"end":{"line":46,"column":30}},"27":{"start":{"line":47,"column":4},"end":{"line":51,"column":null}},"28":{"start":{"line":47,"column":16},"end":{"line":47,"column":17}},"29":{"start":{"line":48,"column":27},"end":{"line":48,"column":78}},"30":{"start":{"line":49,"column":19},"end":{"line":49,"column":55}},"31":{"start":{"line":50,"column":6},"end":{"line":50,"column":null}},"32":{"start":{"line":52,"column":4},"end":{"line":52,"column":null}},"33":{"start":{"line":56,"column":24},"end":{"line":56,"column":55}},"34":{"start":{"line":57,"column":24},"end":{"line":57,"column":40}},"35":{"start":{"line":58,"column":24},"end":{"line":58,"column":40}},"36":{"start":{"line":59,"column":4},"end":{"line":59,"column":null}},"37":{"start":{"line":59,"column":50},"end":{"line":59,"column":null}},"38":{"start":{"line":61,"column":37},"end":{"line":61,"column":39}},"39":{"start":{"line":62,"column":4},"end":{"line":72,"column":null}},"40":{"start":{"line":62,"column":16},"end":{"line":62,"column":17}},"41":{"start":{"line":63,"column":20},"end":{"line":63,"column":34}},"42":{"start":{"line":64,"column":25},"end":{"line":64,"column":72}},"43":{"start":{"line":66,"column":20},"end":{"line":66,"column":34}},"44":{"start":{"line":67,"column":25},"end":{"line":67,"column":72}},"45":{"start":{"line":69,"column":28},"end":{"line":69,"column":51}},"46":{"start":{"line":70,"column":6},"end":{"line":70,"column":null}},"47":{"start":{"line":70,"column":40},"end":{"line":70,"column":null}},"48":{"start":{"line":71,"column":6},"end":{"line":71,"column":null}},"49":{"start":{"line":74,"column":4},"end":{"line":74,"column":null}},"50":{"start":{"line":13,"column":0},"end":{"line":13,"column":13}},"51":{"start":{"line":14,"column":17},"end":{"line":14,"column":null}}},"fnMap":{"0":{"name":"randomBetween","decl":{"start":{"line":3,"column":9},"end":{"line":3,"column":22}},"loc":{"start":{"line":3,"column":47},"end":{"line":7,"column":1}}},"1":{"name":"findIndexInArray","decl":{"start":{"line":9,"column":9},"end":{"line":9,"column":25}},"loc":{"start":{"line":9,"column":50},"end":{"line":11,"column":1}}},"2":{"name":"(anonymous_2)","decl":{"start":{"line":10,"column":26},"end":{"line":10,"column":27}},"loc":{"start":{"line":10,"column":42},"end":{"line":10,"column":59}}},"3":{"name":"(anonymous_3)","decl":{"start":{"line":16,"column":2},"end":{"line":16,"column":22}},"loc":{"start":{"line":16,"column":33},"end":{"line":18,"column":3}}},"4":{"name":"(anonymous_4)","decl":{"start":{"line":20,"column":2},"end":{"line":20,"column":10}},"loc":{"start":{"line":20,"column":10},"end":{"line":22,"column":3}}},"5":{"name":"(anonymous_5)","decl":{"start":{"line":24,"column":10},"end":{"line":24,"column":18}},"loc":{"start":{"line":24,"column":18},"end":{"line":33,"column":3}}},"6":{"name":"(anonymous_6)","decl":{"start":{"line":35,"column":2},"end":{"line":35,"column":8}},"loc":{"start":{"line":35,"column":26},"end":{"line":42,"column":3}}},"7":{"name":"(anonymous_7)","decl":{"start":{"line":44,"column":10},"end":{"line":44,"column":16}},"loc":{"start":{"line":44,"column":33},"end":{"line":53,"column":3}}},"8":{"name":"(anonymous_8)","decl":{"start":{"line":55,"column":10},"end":{"line":55,"column":16}},"loc":{"start":{"line":55,"column":70},"end":{"line":75,"column":3}}}},"branchMap":{"0":{"loc":{"start":{"line":27,"column":4},"end":{"line":27,"column":68}},"type":"if","locations":[{"start":{"line":27,"column":4},"end":{"line":27,"column":68}}]},"1":{"loc":{"start":{"line":28,"column":4},"end":{"line":28,"column":null}},"type":"if","locations":[{"start":{"line":28,"column":4},"end":{"line":28,"column":null}}]},"2":{"loc":{"start":{"line":29,"column":4},"end":{"line":29,"column":null}},"type":"if","locations":[{"start":{"line":29,"column":4},"end":{"line":29,"column":null}}]},"3":{"loc":{"start":{"line":32,"column":4},"end":{"line":32,"column":null}},"type":"if","locations":[{"start":{"line":32,"column":4},"end":{"line":32,"column":null}}]},"4":{"loc":{"start":{"line":59,"column":4},"end":{"line":59,"column":null}},"type":"if","locations":[{"start":{"line":59,"column":4},"end":{"line":59,"column":null}}]},"5":{"loc":{"start":{"line":70,"column":6},"end":{"line":70,"column":null}},"type":"if","locations":[{"start":{"line":70,"column":6},"end":{"line":70,"column":null}}]}},"s":{"0":4,"1":1080,"2":1080,"3":1080,"4":2170,"5":40535,"6":109,"7":109,"8":108,"9":109,"10":109,"11":109,"12":0,"13":109,"14":0,"15":109,"16":0,"17":109,"18":109,"19":0,"20":108,"21":108,"22":108,"23":108,"24":108,"25":216,"26":216,"27":216,"28":216,"29":1080,"30":1080,"31":1080,"32":216,"33":217,"34":217,"35":217,"36":217,"37":0,"38":217,"39":217,"40":217,"41":1085,"42":1085,"43":1085,"44":1085,"45":1085,"46":1085,"47":555,"48":1085,"49":217,"50":4,"51":4},"f":{"0":1080,"1":2170,"2":40535,"3":109,"4":108,"5":109,"6":108,"7":216,"8":217},"b":{"0":[0],"1":[0],"2":[0],"3":[0],"4":[0],"5":[555]}}
,"/home/lucasmachado/Documentos/goori/repos/user-pool/src/entities/accessKey/index.ts": {"path":"/home/lucasmachado/Documentos/goori/repos/user-pool/src/entities/accessKey/index.ts","statementMap":{"0":{"start":{"line":1,"column":0},"end":{"line":1,"column":27}}},"fnMap":{},"branchMap":{},"s":{"0":4},"f":{},"b":{}}
,"/home/lucasmachado/Documentos/goori/repos/user-pool/src/entities/consumer/consumer.ts": {"path":"/home/lucasmachado/Documentos/goori/repos/user-pool/src/entities/consumer/consumer.ts","statementMap":{"0":{"start":{"line":3,"column":0},"end":{"line":3,"column":48}},"1":{"start":{"line":4,"column":0},"end":{"line":4,"column":41}},"2":{"start":{"line":5,"column":0},"end":{"line":5,"column":43}},"3":{"start":{"line":6,"column":0},"end":{"line":6,"column":47}},"4":{"start":{"line":14,"column":12},"end":{"line":14,"column":37}},"5":{"start":{"line":15,"column":12},"end":{"line":15,"column":43}},"6":{"start":{"line":17,"column":4},"end":{"line":17,"column":null}},"7":{"start":{"line":17,"column":67},"end":{"line":17,"column":null}},"8":{"start":{"line":18,"column":4},"end":{"line":18,"column":null}},"9":{"start":{"line":19,"column":4},"end":{"line":19,"column":null}},"10":{"start":{"line":20,"column":4},"end":{"line":20,"column":null}},"11":{"start":{"line":24,"column":4},"end":{"line":24,"column":null}},"12":{"start":{"line":24,"column":32},"end":{"line":24,"column":null}},"13":{"start":{"line":25,"column":15},"end":{"line":25,"column":55}},"14":{"start":{"line":26,"column":4},"end":{"line":26,"column":null}},"15":{"start":{"line":30,"column":4},"end":{"line":30,"column":null}},"16":{"start":{"line":34,"column":4},"end":{"line":34,"column":null}},"17":{"start":{"line":38,"column":4},"end":{"line":38,"column":null}},"18":{"start":{"line":42,"column":4},"end":{"line":48,"column":null}},"19":{"start":{"line":43,"column":6},"end":{"line":43,"column":null}},"20":{"start":{"line":44,"column":6},"end":{"line":44,"column":null}},"21":{"start":{"line":47,"column":6},"end":{"line":47,"column":null}},"22":{"start":{"line":8,"column":0},"end":{"line":8,"column":13}}},"fnMap":{"0":{"name":"(anonymous_7)","decl":{"start":{"line":13,"column":2},"end":{"line":13,"column":null}},"loc":{"start":{"line":15,"column":43},"end":{"line":21,"column":3}}},"1":{"name":"(anonymous_8)","decl":{"start":{"line":23,"column":8},"end":{"line":23,"column":12}},"loc":{"start":{"line":23,"column":12},"end":{"line":27,"column":null}}},"2":{"name":"(anonymous_10)","decl":{"start":{"line":29,"column":2},"end":{"line":29,"column":7}},"loc":{"start":{"line":29,"column":7},"end":{"line":31,"column":3}}},"3":{"name":"(anonymous_11)","decl":{"start":{"line":33,"column":2},"end":{"line":33,"column":14}},"loc":{"start":{"line":33,"column":14},"end":{"line":35,"column":3}}},"4":{"name":"(anonymous_12)","decl":{"start":{"line":37,"column":10},"end":{"line":37,"column":27}},"loc":{"start":{"line":37,"column":27},"end":{"line":39,"column":3}}},"5":{"name":"(anonymous_13)","decl":{"start":{"line":41,"column":10},"end":{"line":41,"column":21}},"loc":{"start":{"line":41,"column":21},"end":{"line":49,"column":3}}}},"branchMap":{"0":{"loc":{"start":{"line":17,"column":4},"end":{"line":17,"column":null}},"type":"if","locations":[{"start":{"line":17,"column":4},"end":{"line":17,"column":null}}]},"1":{"loc":{"start":{"line":17,"column":7},"end":{"line":17,"column":65}},"type":"binary-expr","locations":[{"start":{"line":17,"column":7},"end":{"line":17,"column":25}},{"start":{"line":17,"column":29},"end":{"line":17,"column":65}}]},"2":{"loc":{"start":{"line":24,"column":4},"end":{"line":24,"column":null}},"type":"if","locations":[{"start":{"line":24,"column":4},"end":{"line":24,"column":null}}]},"3":{"loc":{"start":{"line":42,"column":4},"end":{"line":48,"column":null}},"type":"if","locations":[{"start":{"line":42,"column":4},"end":{"line":48,"column":null}},{"start":{"line":46,"column":8},"end":{"line":48,"column":null}}]}},"s":{"0":3,"1":3,"2":3,"3":3,"4":9,"5":9,"6":9,"7":2,"8":7,"9":5,"10":4,"11":4,"12":0,"13":4,"14":4,"15":4,"16":4,"17":4,"18":4,"19":4,"20":4,"21":0,"22":3},"f":{"0":9,"1":4,"2":4,"3":4,"4":4,"5":4},"b":{"0":[2],"1":[9,8],"2":[0],"3":[4,0]}}
,"/home/lucasmachado/Documentos/goori/repos/user-pool/src/entities/consumer/index.ts": {"path":"/home/lucasmachado/Documentos/goori/repos/user-pool/src/entities/consumer/index.ts","statementMap":{"0":{"start":{"line":1,"column":0},"end":{"line":1,"column":26}},"1":{"start":{"line":2,"column":0},"end":{"line":2,"column":48}},"2":{"start":{"line":3,"column":0},"end":{"line":3,"column":45}},"3":{"start":{"line":4,"column":0},"end":{"line":4,"column":42}}},"fnMap":{},"branchMap":{},"s":{"0":3,"1":3,"2":3,"3":3},"f":{},"b":{}}
,"/home/lucasmachado/Documentos/goori/repos/user-pool/src/entities/consumer/adapters/repository.ts": {"path":"/home/lucasmachado/Documentos/goori/repos/user-pool/src/entities/consumer/adapters/repository.ts","statementMap":{"0":{"start":{"line":6,"column":4},"end":{"line":6,"column":null}},"1":{"start":{"line":4,"column":0},"end":{"line":4,"column":13}}},"fnMap":{"0":{"name":"(anonymous_7)","decl":{"start":{"line":5,"column":8},"end":{"line":5,"column":12}},"loc":{"start":{"line":5,"column":38},"end":{"line":7,"column":null}}}},"branchMap":{},"s":{"0":3,"1":3},"f":{"0":3},"b":{}}
,"/home/lucasmachado/Documentos/goori/repos/user-pool/src/entities/consumer/factories/createConsumer.ts": {"path":"/home/lucasmachado/Documentos/goori/repos/user-pool/src/entities/consumer/factories/createConsumer.ts","statementMap":{"0":{"start":{"line":1,"column":0},"end":{"line":1,"column":39}},"1":{"start":{"line":3,"column":0},"end":{"line":3,"column":60}},"2":{"start":{"line":6,"column":29},"end":{"line":6,"column":53}},"3":{"start":{"line":8,"column":2},"end":{"line":11,"column":null}},"4":{"start":{"line":5,"column":0},"end":{"line":5,"column":16}}},"fnMap":{"0":{"name":"createConsumer","decl":{"start":{"line":5,"column":16},"end":{"line":5,"column":30}},"loc":{"start":{"line":5,"column":56},"end":{"line":12,"column":1}}}},"branchMap":{},"s":{"0":3,"1":3,"2":8,"3":8,"4":3},"f":{"0":8},"b":{}}
,"/home/lucasmachado/Documentos/goori/repos/user-pool/src/entities/email/email.ts": {"path":"/home/lucasmachado/Documentos/goori/repos/user-pool/src/entities/email/email.ts","statementMap":{"0":{"start":{"line":1,"column":0},"end":{"line":1,"column":38}},"1":{"start":{"line":6,"column":22},"end":{"line":6,"column":35}},"2":{"start":{"line":4,"column":10},"end":{"line":4,"column":null}},"3":{"start":{"line":7,"column":4},"end":{"line":7,"column":null}},"4":{"start":{"line":11,"column":4},"end":{"line":11,"column":null}},"5":{"start":{"line":15,"column":4},"end":{"line":23,"column":null}},"6":{"start":{"line":16,"column":22},"end":{"line":18,"column":40}},"7":{"start":{"line":19,"column":6},"end":{"line":19,"column":null}},"8":{"start":{"line":19,"column":19},"end":{"line":19,"column":null}},"9":{"start":{"line":22,"column":6},"end":{"line":22,"column":null}},"10":{"start":{"line":3,"column":0},"end":{"line":3,"column":13}}},"fnMap":{"0":{"name":"(anonymous_0)","decl":{"start":{"line":6,"column":2},"end":{"line":6,"column":22}},"loc":{"start":{"line":6,"column":35},"end":{"line":8,"column":3}}},"1":{"name":"(anonymous_1)","decl":{"start":{"line":10,"column":2},"end":{"line":10,"column":10}},"loc":{"start":{"line":10,"column":10},"end":{"line":12,"column":3}}},"2":{"name":"(anonymous_2)","decl":{"start":{"line":14,"column":10},"end":{"line":14,"column":18}},"loc":{"start":{"line":14,"column":18},"end":{"line":24,"column":3}}}},"branchMap":{"0":{"loc":{"start":{"line":19,"column":6},"end":{"line":19,"column":null}},"type":"if","locations":[{"start":{"line":19,"column":6},"end":{"line":19,"column":null}}]}},"s":{"0":4,"1":16,"2":16,"3":16,"4":3,"5":16,"6":16,"7":14,"8":6,"9":8,"10":4},"f":{"0":16,"1":3,"2":16},"b":{"0":[6]}}
,"/home/lucasmachado/Documentos/goori/repos/user-pool/src/entities/email/index.ts": {"path":"/home/lucasmachado/Documentos/goori/repos/user-pool/src/entities/email/index.ts","statementMap":{"0":{"start":{"line":1,"column":0},"end":{"line":1,"column":23}}},"fnMap":{},"branchMap":{},"s":{"0":4},"f":{},"b":{}}
,"/home/lucasmachado/Documentos/goori/repos/user-pool/src/entities/master/index.ts": {"path":"/home/lucasmachado/Documentos/goori/repos/user-pool/src/entities/master/index.ts","statementMap":{"0":{"start":{"line":1,"column":0},"end":{"line":1,"column":24}},"1":{"start":{"line":2,"column":0},"end":{"line":2,"column":39}},"2":{"start":{"line":3,"column":0},"end":{"line":3,"column":40}},"3":{"start":{"line":4,"column":0},"end":{"line":4,"column":53}},"4":{"start":{"line":6,"column":0},"end":{"line":6,"column":null}}},"fnMap":{},"branchMap":{},"s":{"0":3,"1":3,"2":3,"3":3,"4":3},"f":{},"b":{}}
,"/home/lucasmachado/Documentos/goori/repos/user-pool/src/entities/master/master.ts": {"path":"/home/lucasmachado/Documentos/goori/repos/user-pool/src/entities/master/master.ts","statementMap":{"0":{"start":{"line":1,"column":0},"end":{"line":1,"column":46}},"1":{"start":{"line":8,"column":16},"end":{"line":8,"column":39}},"2":{"start":{"line":9,"column":16},"end":{"line":9,"column":36}},"3":{"start":{"line":10,"column":16},"end":{"line":10,"column":37}},"4":{"start":{"line":14,"column":8},"end":{"line":15,"column":null}},"5":{"start":{"line":15,"column":12},"end":{"line":15,"column":null}},"6":{"start":{"line":17,"column":22},"end":{"line":17,"column":64}},"7":{"start":{"line":18,"column":8},"end":{"line":18,"column":null}},"8":{"start":{"line":22,"column":8},"end":{"line":28,"column":null}},"9":{"start":{"line":23,"column":12},"end":{"line":23,"column":null}},"10":{"start":{"line":24,"column":12},"end":{"line":24,"column":null}},"11":{"start":{"line":27,"column":12},"end":{"line":27,"column":null}},"12":{"start":{"line":32,"column":8},"end":{"line":32,"column":null}},"13":{"start":{"line":6,"column":0},"end":{"line":6,"column":13}}},"fnMap":{"0":{"name":"(anonymous_0)","decl":{"start":{"line":7,"column":4},"end":{"line":7,"column":null}},"loc":{"start":{"line":10,"column":37},"end":{"line":11,"column":7}}},"1":{"name":"(anonymous_1)","decl":{"start":{"line":13,"column":4},"end":{"line":13,"column":8}},"loc":{"start":{"line":13,"column":32},"end":{"line":19,"column":5}}},"2":{"name":"(anonymous_2)","decl":{"start":{"line":21,"column":4},"end":{"line":21,"column":10}},"loc":{"start":{"line":21,"column":24},"end":{"line":29,"column":5}}},"3":{"name":"(anonymous_3)","decl":{"start":{"line":31,"column":12},"end":{"line":31,"column":24}},"loc":{"start":{"line":31,"column":24},"end":{"line":33,"column":5}}}},"branchMap":{"0":{"loc":{"start":{"line":14,"column":8},"end":{"line":15,"column":null}},"type":"if","locations":[{"start":{"line":14,"column":8},"end":{"line":15,"column":null}}]}},"s":{"0":3,"1":5,"2":5,"3":5,"4":4,"5":2,"6":2,"7":2,"8":10,"9":10,"10":8,"11":2,"12":4,"13":3},"f":{"0":5,"1":4,"2":10,"3":4},"b":{"0":[2]}}
,"/home/lucasmachado/Documentos/goori/repos/user-pool/src/entities/master/adapters/tokenizer.ts": {"path":"/home/lucasmachado/Documentos/goori/repos/user-pool/src/entities/master/adapters/tokenizer.ts","statementMap":{"0":{"start":{"line":2,"column":0},"end":{"line":2,"column":31}},"1":{"start":{"line":6,"column":4},"end":{"line":6,"column":37}},"2":{"start":{"line":10,"column":4},"end":{"line":17,"column":null}},"3":{"start":{"line":11,"column":25},"end":{"line":11,"column":50}},"4":{"start":{"line":12,"column":22},"end":{"line":12,"column":88}},"5":{"start":{"line":13,"column":6},"end":{"line":13,"column":21}},"6":{"start":{"line":16,"column":6},"end":{"line":16,"column":63}},"7":{"start":{"line":4,"column":0},"end":{"line":4,"column":13}}},"fnMap":{"0":{"name":"(anonymous_1)","decl":{"start":{"line":5,"column":2},"end":{"line":5,"column":6}},"loc":{"start":{"line":5,"column":48},"end":{"line":7,"column":3}}},"1":{"name":"(anonymous_2)","decl":{"start":{"line":9,"column":2},"end":{"line":9,"column":8}},"loc":{"start":{"line":9,"column":38},"end":{"line":18,"column":3}}}},"branchMap":{"0":{"loc":{"start":{"line":12,"column":22},"end":{"line":12,"column":88}},"type":"cond-expr","locations":[{"start":{"line":12,"column":54},"end":{"line":12,"column":75}},{"start":{"line":12,"column":78},"end":{"line":12,"column":88}}]}},"s":{"0":4,"1":5,"2":12,"3":12,"4":9,"5":9,"6":3,"7":4},"f":{"0":5,"1":12},"b":{"0":[0,9]}}
,"/home/lucasmachado/Documentos/goori/repos/user-pool/src/entities/master/factories/createMaster.ts": {"path":"/home/lucasmachado/Documentos/goori/repos/user-pool/src/entities/master/factories/createMaster.ts","statementMap":{"0":{"start":{"line":1,"column":0},"end":{"line":1,"column":50}},"1":{"start":{"line":2,"column":0},"end":{"line":2,"column":64}},"2":{"start":{"line":5,"column":26},"end":{"line":5,"column":61}},"3":{"start":{"line":6,"column":23},"end":{"line":6,"column":61}},"4":{"start":{"line":7,"column":20},"end":{"line":7,"column":35}},"5":{"start":{"line":9,"column":2},"end":{"line":12,"column":null}},"6":{"start":{"line":4,"column":0},"end":{"line":4,"column":16}}},"fnMap":{"0":{"name":"createMaster","decl":{"start":{"line":4,"column":16},"end":{"line":4,"column":28}},"loc":{"start":{"line":4,"column":28},"end":{"line":13,"column":1}}}},"branchMap":{"0":{"loc":{"start":{"line":5,"column":26},"end":{"line":5,"column":61}},"type":"binary-expr","locations":[{"start":{"line":5,"column":26},"end":{"line":5,"column":55}},{"start":{"line":5,"column":59},"end":{"line":5,"column":61}}]},"1":{"loc":{"start":{"line":6,"column":23},"end":{"line":6,"column":61}},"type":"binary-expr","locations":[{"start":{"line":6,"column":23},"end":{"line":6,"column":48}},{"start":{"line":6,"column":52},"end":{"line":6,"column":61}}]}},"s":{"0":3,"1":3,"2":3,"3":3,"4":3,"5":3,"6":3},"f":{"0":3},"b":{"0":[3,0],"1":[3,0]}}
,"/home/lucasmachado/Documentos/goori/repos/user-pool/src/entities/origin/host.ts": {"path":"/home/lucasmachado/Documentos/goori/repos/user-pool/src/entities/origin/host.ts","statementMap":{"0":{"start":{"line":1,"column":0},"end":{"line":1,"column":46}},"1":{"start":{"line":5,"column":22},"end":{"line":5,"column":34}},"2":{"start":{"line":6,"column":4},"end":{"line":6,"column":null}},"3":{"start":{"line":10,"column":25},"end":{"line":10,"column":68}},"4":{"start":{"line":11,"column":4},"end":{"line":11,"column":null}},"5":{"start":{"line":11,"column":51},"end":{"line":11,"column":null}},"6":{"start":{"line":13,"column":4},"end":{"line":13,"column":null}},"7":{"start":{"line":14,"column":4},"end":{"line":14,"column":null}},"8":{"start":{"line":14,"column":19},"end":{"line":14,"column":null}},"9":{"start":{"line":18,"column":4},"end":{"line":18,"column":null}},"10":{"start":{"line":3,"column":0},"end":{"line":3,"column":13}}},"fnMap":{"0":{"name":"(anonymous_0)","decl":{"start":{"line":5,"column":2},"end":{"line":5,"column":22}},"loc":{"start":{"line":5,"column":34},"end":{"line":7,"column":3}}},"1":{"name":"(anonymous_1)","decl":{"start":{"line":9,"column":2},"end":{"line":9,"column":10}},"loc":{"start":{"line":9,"column":10},"end":{"line":15,"column":3}}},"2":{"name":"(anonymous_2)","decl":{"start":{"line":17,"column":2},"end":{"line":17,"column":10}},"loc":{"start":{"line":17,"column":10},"end":{"line":19,"column":3}}}},"branchMap":{"0":{"loc":{"start":{"line":11,"column":4},"end":{"line":11,"column":null}},"type":"if","locations":[{"start":{"line":11,"column":4},"end":{"line":11,"column":null}}]},"1":{"loc":{"start":{"line":11,"column":7},"end":{"line":11,"column":49}},"type":"binary-expr","locations":[{"start":{"line":11,"column":7},"end":{"line":11,"column":17}},{"start":{"line":11,"column":21},"end":{"line":11,"column":49}}]},"2":{"loc":{"start":{"line":14,"column":4},"end":{"line":14,"column":null}},"type":"if","locations":[{"start":{"line":14,"column":4},"end":{"line":14,"column":null}}]}},"s":{"0":4,"1":21,"2":21,"3":21,"4":21,"5":3,"6":18,"7":18,"8":1,"9":0,"10":4},"f":{"0":21,"1":21,"2":0},"b":{"0":[3],"1":[21,18],"2":[1]}}
,"/home/lucasmachado/Documentos/goori/repos/user-pool/src/entities/origin/index.ts": {"path":"/home/lucasmachado/Documentos/goori/repos/user-pool/src/entities/origin/index.ts","statementMap":{"0":{"start":{"line":1,"column":0},"end":{"line":1,"column":24}},"1":{"start":{"line":2,"column":0},"end":{"line":2,"column":22}}},"fnMap":{},"branchMap":{},"s":{"0":4,"1":4},"f":{},"b":{}}
,"/home/lucasmachado/Documentos/goori/repos/user-pool/src/entities/origin/origin.ts": {"path":"/home/lucasmachado/Documentos/goori/repos/user-pool/src/entities/origin/origin.ts","statementMap":{"0":{"start":{"line":1,"column":0},"end":{"line":1,"column":30}},"1":{"start":{"line":2,"column":0},"end":{"line":2,"column":47}},"2":{"start":{"line":7,"column":22},"end":{"line":7,"column":47}},"3":{"start":{"line":5,"column":10},"end":{"line":5,"column":null}},"4":{"start":{"line":8,"column":4},"end":{"line":8,"column":null}},"5":{"start":{"line":8,"column":25},"end":{"line":8,"column":null}},"6":{"start":{"line":9,"column":4},"end":{"line":9,"column":null}},"7":{"start":{"line":9,"column":36},"end":{"line":9,"column":null}},"8":{"start":{"line":10,"column":4},"end":{"line":12,"column":null}},"9":{"start":{"line":11,"column":6},"end":{"line":11,"column":null}},"10":{"start":{"line":16,"column":4},"end":{"line":16,"column":null}},"11":{"start":{"line":16,"column":35},"end":{"line":16,"column":50}},"12":{"start":{"line":4,"column":0},"end":{"line":4,"column":13}}},"fnMap":{"0":{"name":"(anonymous_0)","decl":{"start":{"line":7,"column":2},"end":{"line":7,"column":22}},"loc":{"start":{"line":7,"column":47},"end":{"line":13,"column":3}}},"1":{"name":"(anonymous_1)","decl":{"start":{"line":10,"column":25},"end":{"line":10,"column":35}},"loc":{"start":{"line":10,"column":38},"end":{"line":12,"column":5}}},"2":{"name":"(anonymous_2)","decl":{"start":{"line":15,"column":2},"end":{"line":15,"column":10}},"loc":{"start":{"line":15,"column":10},"end":{"line":17,"column":3}}},"3":{"name":"(anonymous_3)","decl":{"start":{"line":16,"column":27},"end":{"line":16,"column":31}},"loc":{"start":{"line":16,"column":35},"end":{"line":16,"column":50}}}},"branchMap":{"0":{"loc":{"start":{"line":8,"column":4},"end":{"line":8,"column":null}},"type":"if","locations":[{"start":{"line":8,"column":4},"end":{"line":8,"column":null}}]},"1":{"loc":{"start":{"line":9,"column":4},"end":{"line":9,"column":null}},"type":"if","locations":[{"start":{"line":9,"column":4},"end":{"line":9,"column":null}}]}},"s":{"0":4,"1":4,"2":16,"3":16,"4":16,"5":2,"6":14,"7":1,"8":13,"9":21,"10":0,"11":0,"12":4},"f":{"0":16,"1":21,"2":0,"3":0},"b":{"0":[2],"1":[1]}}
,"/home/lucasmachado/Documentos/goori/repos/user-pool/src/entities/webError/index.ts": {"path":"/home/lucasmachado/Documentos/goori/repos/user-pool/src/entities/webError/index.ts","statementMap":{"0":{"start":{"line":7,"column":0},"end":{"line":9,"column":null}},"1":{"start":{"line":8,"column":2},"end":{"line":8,"column":null}},"2":{"start":{"line":15,"column":4},"end":{"line":15,"column":null}},"3":{"start":{"line":14,"column":21},"end":{"line":14,"column":36}},"4":{"start":{"line":14,"column":45},"end":{"line":14,"column":66}},"5":{"start":{"line":12,"column":10},"end":{"line":12,"column":null}},"6":{"start":{"line":19,"column":4},"end":{"line":19,"column":null}},"7":{"start":{"line":23,"column":29},"end":{"line":23,"column":31}},"8":{"start":{"line":24,"column":4},"end":{"line":26,"column":null}},"9":{"start":{"line":25,"column":6},"end":{"line":25,"column":null}},"10":{"start":{"line":27,"column":4},"end":{"line":27,"column":null}},"11":{"start":{"line":28,"column":4},"end":{"line":28,"column":null}},"12":{"start":{"line":32,"column":4},"end":{"line":32,"column":null}},"13":{"start":{"line":11,"column":0},"end":{"line":11,"column":13}}},"fnMap":{"0":{"name":"(anonymous_0)","decl":{"start":{"line":7,"column":30},"end":{"line":7,"column":null}},"loc":{"start":{"line":7,"column":30},"end":{"line":9,"column":1}}},"1":{"name":"(anonymous_1)","decl":{"start":{"line":14,"column":2},"end":{"line":14,"column":21}},"loc":{"start":{"line":14,"column":69},"end":{"line":16,"column":3}}},"2":{"name":"(anonymous_2)","decl":{"start":{"line":18,"column":2},"end":{"line":18,"column":7}},"loc":{"start":{"line":18,"column":16},"end":{"line":20,"column":3}}},"3":{"name":"(anonymous_3)","decl":{"start":{"line":22,"column":2},"end":{"line":22,"column":13}},"loc":{"start":{"line":22,"column":13},"end":{"line":29,"column":3}}},"4":{"name":"(anonymous_4)","decl":{"start":{"line":31,"column":2},"end":{"line":31,"column":10}},"loc":{"start":{"line":31,"column":10},"end":{"line":33,"column":3}}}},"branchMap":{"0":{"loc":{"start":{"line":14,"column":45},"end":{"line":14,"column":69}},"type":"default-arg","locations":[{"start":{"line":14,"column":66},"end":{"line":14,"column":69}}]}},"s":{"0":7,"1":0,"2":25,"3":25,"4":25,"5":25,"6":0,"7":6,"8":6,"9":0,"10":6,"11":6,"12":12,"13":7},"f":{"0":0,"1":25,"2":0,"3":6,"4":12},"b":{"0":[0]}}
,"/home/lucasmachado/Documentos/goori/repos/user-pool/src/routes/master.ts": {"path":"/home/lucasmachado/Documentos/goori/repos/user-pool/src/routes/master.ts","statementMap":{"0":{"start":{"line":1,"column":0},"end":{"line":1,"column":30}},"1":{"start":{"line":2,"column":0},"end":{"line":2,"column":38}},"2":{"start":{"line":3,"column":0},"end":{"line":3,"column":70}},"3":{"start":{"line":4,"column":0},"end":{"line":4,"column":67}},"4":{"start":{"line":6,"column":15},"end":{"line":6,"column":23}},"5":{"start":{"line":8,"column":0},"end":{"line":24,"column":null}},"6":{"start":{"line":8,"column":54},"end":{"line":24,"column":2}},"7":{"start":{"line":9,"column":30},"end":{"line":9,"column":38}},"8":{"start":{"line":10,"column":4},"end":{"line":23,"column":null}},"9":{"start":{"line":11,"column":22},"end":{"line":11,"column":50}},"10":{"start":{"line":12,"column":8},"end":{"line":15,"column":null}},"11":{"start":{"line":18,"column":8},"end":{"line":22,"column":null}},"12":{"start":{"line":26,"column":0},"end":{"line":45,"column":null}},"13":{"start":{"line":26,"column":74},"end":{"line":45,"column":2}},"14":{"start":{"line":27,"column":65},"end":{"line":27,"column":93}},"15":{"start":{"line":28,"column":20},"end":{"line":28,"column":72}},"16":{"start":{"line":29,"column":4},"end":{"line":44,"column":null}},"17":{"start":{"line":30,"column":25},"end":{"line":30,"column":48}},"18":{"start":{"line":31,"column":8},"end":{"line":31,"column":null}},"19":{"start":{"line":32,"column":8},"end":{"line":36,"column":null}},"20":{"start":{"line":39,"column":8},"end":{"line":43,"column":null}},"21":{"start":{"line":47,"column":0},"end":{"line":47,"column":null}}},"fnMap":{"0":{"name":"(anonymous_8)","decl":{"start":{"line":8,"column":21},"end":{"line":8,"column":28}},"loc":{"start":{"line":8,"column":54},"end":{"line":24,"column":2}}},"1":{"name":"(anonymous_9)","decl":{"start":{"line":8,"column":54},"end":{"line":8,"column":null}},"loc":{"start":{"line":8,"column":54},"end":{"line":24,"column":1}}},"2":{"name":"(anonymous_10)","decl":{"start":{"line":26,"column":56},"end":{"line":26,"column":63}},"loc":{"start":{"line":26,"column":74},"end":{"line":45,"column":2}}},"3":{"name":"(anonymous_11)","decl":{"start":{"line":26,"column":74},"end":{"line":26,"column":null}},"loc":{"start":{"line":26,"column":74},"end":{"line":45,"column":1}}}},"branchMap":{"0":{"loc":{"start":{"line":18,"column":19},"end":{"line":18,"column":38}},"type":"binary-expr","locations":[{"start":{"line":18,"column":19},"end":{"line":18,"column":31}},{"start":{"line":18,"column":35},"end":{"line":18,"column":38}}]},"1":{"loc":{"start":{"line":39,"column":19},"end":{"line":39,"column":38}},"type":"binary-expr","locations":[{"start":{"line":39,"column":19},"end":{"line":39,"column":31}},{"start":{"line":39,"column":35},"end":{"line":39,"column":38}}]}},"s":{"0":2,"1":2,"2":2,"3":2,"4":2,"5":2,"6":2,"7":2,"8":2,"9":2,"10":1,"11":1,"12":2,"13":8,"14":8,"15":8,"16":8,"17":8,"18":3,"19":3,"20":5,"21":2},"f":{"0":2,"1":2,"2":8,"3":8},"b":{"0":[1,0],"1":[5,0]}}
,"/home/lucasmachado/Documentos/goori/repos/user-pool/src/routes/master.verify.middleware.ts": {"path":"/home/lucasmachado/Documentos/goori/repos/user-pool/src/routes/master.verify.middleware.ts","statementMap":{"0":{"start":{"line":7,"column":0},"end":{"line":7,"column":38}},"1":{"start":{"line":9,"column":54},"end":{"line":22,"column":1}},"2":{"start":{"line":10,"column":18},"end":{"line":10,"column":29}},"3":{"start":{"line":11,"column":24},"end":{"line":11,"column":66}},"4":{"start":{"line":13,"column":2},"end":{"line":13,"column":null}},"5":{"start":{"line":13,"column":27},"end":{"line":13,"column":null}},"6":{"start":{"line":15,"column":26},"end":{"line":15,"column":29}},"7":{"start":{"line":16,"column":23},"end":{"line":16,"column":65}},"8":{"start":{"line":17,"column":2},"end":{"line":21,"column":null}},"9":{"start":{"line":9,"column":13},"end":{"line":9,"column":54}}},"fnMap":{"0":{"name":"(anonymous_1)","decl":{"start":{"line":9,"column":54},"end":{"line":9,"column":55}},"loc":{"start":{"line":9,"column":106},"end":{"line":22,"column":1}}}},"branchMap":{"0":{"loc":{"start":{"line":13,"column":2},"end":{"line":13,"column":null}},"type":"if","locations":[{"start":{"line":13,"column":2},"end":{"line":13,"column":null}}]}},"s":{"0":2,"1":2,"2":10,"3":10,"4":10,"5":8,"6":2,"7":2,"8":2,"9":2},"f":{"0":10},"b":{"0":[8]}}
,"/home/lucasmachado/Documentos/goori/repos/user-pool/src/utils/createRoutePath.ts": {"path":"/home/lucasmachado/Documentos/goori/repos/user-pool/src/utils/createRoutePath.ts","statementMap":{"0":{"start":{"line":1,"column":0},"end":{"line":1,"column":23}},"1":{"start":{"line":3,"column":0},"end":{"line":7,"column":null}},"2":{"start":{"line":4,"column":22},"end":{"line":4,"column":31}},"3":{"start":{"line":5,"column":22},"end":{"line":5,"column":51}},"4":{"start":{"line":6,"column":4},"end":{"line":6,"column":null}}},"fnMap":{"0":{"name":"(anonymous_1)","decl":{"start":{"line":3,"column":15},"end":{"line":3,"column":16}},"loc":{"start":{"line":3,"column":42},"end":{"line":7,"column":1}}}},"branchMap":{},"s":{"0":2,"1":2,"2":2,"3":2,"4":2},"f":{"0":2},"b":{}}
,"/home/lucasmachado/Documentos/goori/repos/user-pool/tests/mocks/consumerRepositoryMock.ts": {"path":"/home/lucasmachado/Documentos/goori/repos/user-pool/tests/mocks/consumerRepositoryMock.ts","statementMap":{"0":{"start":{"line":3,"column":13},"end":{"line":6,"column":null}},"1":{"start":{"line":10,"column":4},"end":{"line":10,"column":null}},"2":{"start":{"line":8,"column":0},"end":{"line":8,"column":13}}},"fnMap":{"0":{"name":"(anonymous_7)","decl":{"start":{"line":9,"column":8},"end":{"line":9,"column":12}},"loc":{"start":{"line":9,"column":33},"end":{"line":11,"column":null}}}},"branchMap":{},"s":{"0":1,"1":1,"2":1},"f":{"0":1},"b":{}}
,"/home/lucasmachado/Documentos/goori/repos/user-pool/tests/mocks/masterAccessToken.ts": {"path":"/home/lucasmachado/Documentos/goori/repos/user-pool/tests/mocks/masterAccessToken.ts","statementMap":{"0":{"start":{"line":1,"column":0},"end":{"line":1,"column":30}},"1":{"start":{"line":2,"column":21},"end":{"line":2,"column":52}},"2":{"start":{"line":3,"column":13},"end":{"line":3,"column":null}},"3":{"start":{"line":4,"column":13},"end":{"line":4,"column":null}}},"fnMap":{},"branchMap":{"0":{"loc":{"start":{"line":2,"column":21},"end":{"line":2,"column":52}},"type":"binary-expr","locations":[{"start":{"line":2,"column":21},"end":{"line":2,"column":46}},{"start":{"line":2,"column":50},"end":{"line":2,"column":52}}]}},"s":{"0":1,"1":1,"2":1,"3":1},"f":{},"b":{"0":[1,0]}}
}
