TN:
SF:src/app.ts
FNF:0
FNH:0
DA:1,2
DA:2,2
DA:3,2
DA:5,2
DA:6,2
DA:7,2
DA:9,2
LF:7
LH:7
BRF:0
BRH:0
end_of_record
TN:
SF:src/entities/accessKey/accessKey.ts
FN:3,randomBetween
FN:9,findIndexInArray
FN:10,(anonymous_2)
FN:16,(anonymous_3)
FN:20,(anonymous_4)
FN:24,(anonymous_5)
FN:35,(anonymous_6)
FN:44,(anonymous_7)
FN:55,(anonymous_8)
FNF:9
FNH:9
FNDA:1080,randomBetween
FNDA:2170,findIndexInArray
FNDA:40535,(anonymous_2)
FNDA:109,(anonymous_3)
FNDA:108,(anonymous_4)
FNDA:109,(anonymous_5)
FNDA:108,(anonymous_6)
FNDA:216,(anonymous_7)
FNDA:217,(anonymous_8)
DA:1,4
DA:4,1080
DA:5,1080
DA:6,1080
DA:10,40535
DA:13,4
DA:14,4
DA:16,109
DA:17,109
DA:21,108
DA:25,109
DA:26,109
DA:27,109
DA:28,109
DA:29,109
DA:31,109
DA:32,109
DA:36,108
DA:37,108
DA:38,108
DA:40,108
DA:41,108
DA:45,216
DA:46,216
DA:47,216
DA:48,1080
DA:49,1080
DA:50,1080
DA:52,216
DA:56,217
DA:57,217
DA:58,217
DA:59,217
DA:61,217
DA:62,217
DA:63,1085
DA:64,1085
DA:66,1085
DA:67,1085
DA:69,1085
DA:70,1085
DA:71,1085
DA:74,217
LF:43
LH:43
BRDA:27,0,0,0
BRDA:28,1,0,0
BRDA:29,2,0,0
BRDA:32,3,0,0
BRDA:59,4,0,0
BRDA:70,5,0,555
BRF:6
BRH:1
end_of_record
TN:
SF:src/entities/accessKey/index.ts
FNF:0
FNH:0
DA:1,4
LF:1
LH:1
BRF:0
BRH:0
end_of_record
TN:
SF:src/entities/consumer/consumer.ts
FN:13,(anonymous_7)
FN:23,(anonymous_8)
FN:29,(anonymous_10)
FN:33,(anonymous_11)
FN:37,(anonymous_12)
FN:41,(anonymous_13)
FNF:6
FNH:6
FNDA:9,(anonymous_7)
FNDA:4,(anonymous_8)
FNDA:4,(anonymous_10)
FNDA:4,(anonymous_11)
FNDA:4,(anonymous_12)
FNDA:4,(anonymous_13)
DA:3,3
DA:4,3
DA:5,3
DA:6,3
DA:8,3
DA:14,9
DA:15,9
DA:17,9
DA:18,7
DA:19,5
DA:20,4
DA:24,4
DA:25,4
DA:26,4
DA:30,4
DA:34,4
DA:38,4
DA:42,4
DA:43,4
DA:44,4
DA:47,0
LF:21
LH:20
BRDA:17,0,0,2
BRDA:17,1,0,9
BRDA:17,1,1,8
BRDA:24,2,0,0
BRDA:42,3,0,4
BRDA:42,3,1,0
BRF:6
BRH:4
end_of_record
TN:
SF:src/entities/consumer/index.ts
FNF:0
FNH:0
DA:1,3
DA:2,3
DA:3,3
DA:4,3
LF:4
LH:4
BRF:0
BRH:0
end_of_record
TN:
SF:src/entities/consumer/adapters/repository.ts
FN:5,(anonymous_7)
FNF:1
FNH:1
FNDA:3,(anonymous_7)
DA:4,3
DA:6,3
LF:2
LH:2
BRF:0
BRH:0
end_of_record
TN:
SF:src/entities/consumer/factories/createConsumer.ts
FN:5,createConsumer
FNF:1
FNH:1
FNDA:8,createConsumer
DA:1,3
DA:3,3
DA:5,3
DA:6,8
DA:8,8
LF:5
LH:5
BRF:0
BRH:0
end_of_record
TN:
SF:src/entities/email/email.ts
FN:6,(anonymous_0)
FN:10,(anonymous_1)
FN:14,(anonymous_2)
FNF:3
FNH:3
FNDA:16,(anonymous_0)
FNDA:3,(anonymous_1)
FNDA:16,(anonymous_2)
DA:1,4
DA:3,4
DA:4,16
DA:6,16
DA:7,16
DA:11,3
DA:15,16
DA:16,16
DA:19,14
DA:22,8
LF:10
LH:10
BRDA:19,0,0,6
BRF:1
BRH:1
end_of_record
TN:
SF:src/entities/email/index.ts
FNF:0
FNH:0
DA:1,4
LF:1
LH:1
BRF:0
BRH:0
end_of_record
TN:
SF:src/entities/master/index.ts
FNF:0
FNH:0
DA:1,3
DA:2,3
DA:3,3
DA:4,3
DA:6,3
LF:5
LH:5
BRF:0
BRH:0
end_of_record
TN:
SF:src/entities/master/master.ts
FN:7,(anonymous_0)
FN:13,(anonymous_1)
FN:21,(anonymous_2)
FN:31,(anonymous_3)
FNF:4
FNH:4
FNDA:5,(anonymous_0)
FNDA:4,(anonymous_1)
FNDA:10,(anonymous_2)
FNDA:4,(anonymous_3)
DA:1,3
DA:6,3
DA:8,5
DA:9,5
DA:10,5
DA:14,4
DA:15,2
DA:17,2
DA:18,2
DA:22,10
DA:23,10
DA:24,8
DA:27,2
DA:32,4
LF:14
LH:14
BRDA:14,0,0,2
BRF:1
BRH:1
end_of_record
TN:
SF:src/entities/master/adapters/tokenizer.ts
FN:5,(anonymous_1)
FN:9,(anonymous_2)
FNF:2
FNH:2
FNDA:5,(anonymous_1)
FNDA:12,(anonymous_2)
DA:2,4
DA:4,4
DA:6,5
DA:10,12
DA:11,12
DA:12,9
DA:13,9
DA:16,3
LF:8
LH:8
BRDA:12,0,0,0
BRDA:12,0,1,9
BRF:2
BRH:1
end_of_record
TN:
SF:src/entities/master/factories/createMaster.ts
FN:4,createMaster
FNF:1
FNH:1
FNDA:3,createMaster
DA:1,3
DA:2,3
DA:4,3
DA:5,3
DA:6,3
DA:7,3
DA:9,3
LF:7
LH:7
BRDA:5,0,0,3
BRDA:5,0,1,0
BRDA:6,1,0,3
BRDA:6,1,1,0
BRF:4
BRH:2
end_of_record
TN:
SF:src/entities/origin/host.ts
FN:5,(anonymous_0)
FN:9,(anonymous_1)
FN:17,(anonymous_2)
FNF:3
FNH:2
FNDA:21,(anonymous_0)
FNDA:21,(anonymous_1)
FNDA:0,(anonymous_2)
DA:1,4
DA:3,4
DA:5,21
DA:6,21
DA:10,21
DA:11,21
DA:13,18
DA:14,18
DA:18,0
LF:9
LH:8
BRDA:11,0,0,3
BRDA:11,1,0,21
BRDA:11,1,1,18
BRDA:14,2,0,1
BRF:4
BRH:4
end_of_record
TN:
SF:src/entities/origin/index.ts
FNF:0
FNH:0
DA:1,4
DA:2,4
LF:2
LH:2
BRF:0
BRH:0
end_of_record
TN:
SF:src/entities/origin/origin.ts
FN:7,(anonymous_0)
FN:10,(anonymous_1)
FN:15,(anonymous_2)
FN:16,(anonymous_3)
FNF:4
FNH:2
FNDA:16,(anonymous_0)
FNDA:21,(anonymous_1)
FNDA:0,(anonymous_2)
FNDA:0,(anonymous_3)
DA:1,4
DA:2,4
DA:4,4
DA:5,16
DA:7,16
DA:8,16
DA:9,14
DA:10,13
DA:11,21
DA:16,0
LF:10
LH:9
BRDA:8,0,0,2
BRDA:9,1,0,1
BRF:2
BRH:2
end_of_record
TN:
SF:src/entities/webError/index.ts
FN:7,(anonymous_0)
FN:14,(anonymous_1)
FN:18,(anonymous_2)
FN:22,(anonymous_3)
FN:31,(anonymous_4)
FNF:5
FNH:3
FNDA:0,(anonymous_0)
FNDA:25,(anonymous_1)
FNDA:0,(anonymous_2)
FNDA:6,(anonymous_3)
FNDA:12,(anonymous_4)
DA:7,7
DA:8,0
DA:11,7
DA:12,25
DA:14,25
DA:15,25
DA:19,0
DA:23,6
DA:24,6
DA:25,0
DA:27,6
DA:28,6
DA:32,12
LF:13
LH:10
BRDA:14,0,0,0
BRF:1
BRH:0
end_of_record
TN:
SF:src/routes/master.ts
FN:8,(anonymous_8)
FN:8,(anonymous_9)
FN:26,(anonymous_10)
FN:26,(anonymous_11)
FNF:4
FNH:4
FNDA:2,(anonymous_8)
FNDA:2,(anonymous_9)
FNDA:8,(anonymous_10)
FNDA:8,(anonymous_11)
DA:1,2
DA:2,2
DA:3,2
DA:4,2
DA:6,2
DA:8,2
DA:9,2
DA:10,2
DA:11,2
DA:12,1
DA:18,1
DA:26,8
DA:27,8
DA:28,8
DA:29,8
DA:30,8
DA:31,3
DA:32,3
DA:39,5
DA:47,2
LF:20
LH:20
BRDA:18,0,0,1
BRDA:18,0,1,0
BRDA:39,1,0,5
BRDA:39,1,1,0
BRF:4
BRH:2
end_of_record
TN:
SF:src/routes/master.verify.middleware.ts
FN:9,(anonymous_1)
FNF:1
FNH:1
FNDA:10,(anonymous_1)
DA:7,2
DA:9,2
DA:10,10
DA:11,10
DA:13,10
DA:15,2
DA:16,2
DA:17,2
LF:8
LH:8
BRDA:13,0,0,8
BRF:1
BRH:1
end_of_record
TN:
SF:src/utils/createRoutePath.ts
FN:3,(anonymous_1)
FNF:1
FNH:1
FNDA:2,(anonymous_1)
DA:1,2
DA:3,2
DA:4,2
DA:5,2
DA:6,2
LF:5
LH:5
BRF:0
BRH:0
end_of_record
TN:
SF:tests/mocks/consumerRepositoryMock.ts
FN:9,(anonymous_7)
FNF:1
FNH:1
FNDA:1,(anonymous_7)
DA:3,1
DA:8,1
DA:10,1
LF:3
LH:3
BRF:0
BRH:0
end_of_record
TN:
SF:tests/mocks/masterAccessToken.ts
FNF:0
FNH:0
DA:1,1
DA:2,1
DA:3,1
DA:4,1
LF:4
LH:4
BRDA:2,0,0,1
BRDA:2,0,1,0
BRF:2
BRH:1
end_of_record
