TN:
SF:src/adapters/ConsumerMemoryRepository.ts
FN:21,(anonymous_7)
FN:42,(anonymous_9)
FN:43,(anonymous_11)
FN:44,(anonymous_12)
FN:50,(anonymous_13)
FN:51,(anonymous_15)
FN:57,(anonymous_16)
FN:63,(anonymous_18)
FN:64,(anonymous_20)
FN:69,(anonymous_21)
FNF:10
FNH:10
FNDA:12,(anonymous_7)
FNDA:12,(anonymous_9)
FNDA:10,(anonymous_11)
FNDA:1,(anonymous_12)
FNDA:3,(anonymous_13)
FNDA:1,(anonymous_15)
FNDA:12,(anonymous_16)
FNDA:11,(anonymous_18)
FNDA:11,(anonymous_20)
FNDA:10,(anonymous_21)
DA:1,10
DA:2,10
DA:4,10
DA:5,10
DA:18,10
DA:20,10
DA:23,12
DA:29,12
DA:36,12
DA:37,11
DA:39,11
DA:43,12
DA:44,12
DA:45,1
DA:47,12
DA:51,3
DA:52,1
DA:54,3
DA:58,12
DA:59,12
DA:60,11
DA:64,11
DA:65,11
DA:66,8
DA:70,10
DA:71,10
DA:76,10
DA:77,10
LF:28
LH:28
BRDA:36,0,0,1
BRDA:59,1,0,1
BRDA:65,2,0,3
BRF:3
BRH:3
end_of_record
TN:
SF:src/adapters/GroupMemoryRepository.ts
FN:15,(anonymous_7)
FNF:1
FNH:1
FNDA:4,(anonymous_7)
DA:2,10
DA:12,10
DA:14,10
DA:16,4
DA:17,4
DA:22,4
DA:24,4
LF:7
LH:7
BRF:0
BRH:0
end_of_record
TN:
SF:src/adapters/index.ts
FNF:0
FNH:0
DA:1,10
DA:2,10
LF:2
LH:2
BRF:0
BRH:0
end_of_record
TN:
SF:src/factories/ConsumerMemoryFactory.ts
FN:5,(anonymous_0)
FNF:1
FNH:1
FNDA:26,(anonymous_0)
DA:2,10
DA:4,10
DA:6,26
LF:3
LH:3
BRF:0
BRH:0
end_of_record
TN:
SF:src/factories/ConsumerMongoFactory.ts
FNF:0
FNH:0
DA:1,10
DA:3,10
LF:2
LH:2
BRF:0
BRH:0
end_of_record
TN:
SF:src/factories/GroupMemoryFactory.ts
FN:5,(anonymous_0)
FNF:1
FNH:1
FNDA:6,(anonymous_0)
DA:2,10
DA:4,10
DA:6,6
LF:3
LH:3
BRF:0
BRH:0
end_of_record
TN:
SF:src/factories/MainMemoryFactory.ts
FN:7,(anonymous_0)
FN:11,(anonymous_1)
FNF:2
FNH:2
FNDA:13,(anonymous_0)
FNDA:5,(anonymous_1)
DA:2,10
DA:3,10
DA:5,10
DA:8,13
DA:12,5
LF:5
LH:5
BRF:0
BRH:0
end_of_record
TN:
SF:src/factories/index.ts
FNF:0
FNH:0
DA:1,10
DA:2,10
DA:3,10
LF:3
LH:3
BRF:0
BRH:0
end_of_record
TN:
SF:src/server/app.ts
FNF:0
FNH:0
DA:1,5
DA:2,5
DA:3,5
DA:4,5
DA:5,5
DA:6,5
DA:8,5
DA:10,5
DA:11,5
DA:12,5
DA:13,5
DA:14,5
DA:16,5
LF:13
LH:13
BRF:0
BRH:0
end_of_record
TN:
SF:src/server/routes/consumer.ts
FN:4,default_1
FN:9,(anonymous_9)
FN:9,(anonymous_10)
FNF:3
FNH:3
FNDA:5,default_1
FNDA:2,(anonymous_9)
FNDA:2,(anonymous_10)
DA:1,5
DA:2,5
DA:4,5
DA:6,5
DA:7,5
DA:9,5
DA:10,2
DA:11,2
DA:12,2
DA:13,2
DA:14,1
DA:20,1
DA:28,5
LF:13
LH:13
BRDA:20,0,0,1
BRDA:20,0,1,0
BRF:2
BRH:1
end_of_record
TN:
SF:src/server/routes/consumer.verify.middleware.ts
FN:9,default_1
FN:11,(anonymous_9)
FN:11,(anonymous_10)
FNF:3
FNH:3
FNDA:5,default_1
FNDA:3,(anonymous_9)
FNDA:3,(anonymous_10)
DA:7,5
DA:9,5
DA:11,5
DA:12,3
DA:13,3
DA:14,3
DA:16,1
DA:17,1
DA:18,1
DA:25,5
LF:10
LH:10
BRDA:14,0,0,2
BRF:1
BRH:1
end_of_record
TN:
SF:src/server/routes/group.ts
FN:7,default_1
FN:11,(anonymous_9)
FN:11,(anonymous_10)
FNF:3
FNH:3
FNDA:5,default_1
FNDA:2,(anonymous_9)
FNDA:2,(anonymous_10)
DA:2,5
DA:4,5
DA:5,5
DA:7,5
DA:8,5
DA:9,5
DA:11,5
DA:12,2
DA:13,2
DA:20,2
DA:22,2
DA:23,2
DA:24,1
DA:30,1
DA:38,5
LF:15
LH:15
BRDA:30,0,0,1
BRDA:30,0,1,0
BRF:2
BRH:1
end_of_record
TN:
SF:src/server/routes/master.ts
FN:5,default_1
FN:9,(anonymous_9)
FN:9,(anonymous_10)
FN:28,(anonymous_11)
FN:28,(anonymous_12)
FN:48,(anonymous_13)
FN:48,(anonymous_14)
FNF:7
FNH:7
FNDA:5,default_1
FNDA:2,(anonymous_9)
FNDA:2,(anonymous_10)
FNDA:10,(anonymous_11)
FNDA:10,(anonymous_12)
FNDA:1,(anonymous_13)
FNDA:1,(anonymous_14)
DA:1,5
DA:2,5
DA:3,5
DA:5,5
DA:6,5
DA:7,5
DA:9,5
DA:10,2
DA:12,2
DA:13,2
DA:14,1
DA:20,1
DA:28,10
DA:29,10
DA:30,10
DA:32,10
DA:33,10
DA:34,4
DA:40,6
DA:48,5
DA:49,1
DA:50,1
DA:51,1
DA:54,0
DA:62,5
LF:25
LH:24
BRDA:20,0,0,1
BRDA:20,0,1,0
BRDA:40,1,0,6
BRDA:40,1,1,0
BRDA:54,2,0,0
BRDA:54,2,1,0
BRF:6
BRH:2
end_of_record
TN:
SF:src/server/routes/master.verify.middleware.ts
FN:9,default_1
FN:10,(anonymous_9)
FN:10,(anonymous_10)
FNF:3
FNH:3
FNDA:10,default_1
FNDA:13,(anonymous_9)
FNDA:13,(anonymous_10)
DA:7,5
DA:9,5
DA:10,13
DA:11,13
DA:12,13
DA:14,13
DA:16,2
DA:17,2
DA:18,2
DA:25,10
LF:10
LH:10
BRDA:14,0,0,11
BRF:1
BRH:1
end_of_record
TN:
SF:src/userPool/index.ts
FNF:0
FNH:0
DA:1,13
DA:2,13
DA:3,13
DA:5,13
LF:4
LH:4
BRF:0
BRH:0
end_of_record
TN:
SF:src/userPool/defaultImplementaion/ConfigurationRepository.ts
FN:7,(anonymous_7)
FN:11,(anonymous_9)
FN:15,(anonymous_11)
FN:19,(anonymous_13)
FNF:4
FNH:1
FNDA:30,(anonymous_7)
FNDA:0,(anonymous_9)
FNDA:0,(anonymous_11)
FNDA:0,(anonymous_13)
DA:1,13
DA:4,13
DA:6,13
DA:8,30
DA:12,0
DA:16,0
DA:20,0
DA:24,13
LF:8
LH:5
BRF:0
BRH:0
end_of_record
TN:
SF:src/userPool/defaultImplementaion/index.ts
FNF:0
FNH:0
DA:1,13
LF:1
LH:1
BRF:0
BRH:0
end_of_record
TN:
SF:src/userPool/entities/AccessKey.ts
FN:3,randomBetween
FN:9,findIndexInArray
FN:10,(anonymous_2)
FN:16,(anonymous_3)
FN:20,(anonymous_4)
FN:24,(anonymous_5)
FN:35,(anonymous_6)
FN:44,(anonymous_7)
FN:55,(anonymous_8)
FNF:9
FNH:9
FNDA:1160,randomBetween
FNDA:2440,findIndexInArray
FNDA:46824,(anonymous_2)
FNDA:129,(anonymous_3)
FNDA:135,(anonymous_4)
FNDA:129,(anonymous_5)
FNDA:116,(anonymous_6)
FNDA:232,(anonymous_7)
FNDA:244,(anonymous_8)
DA:1,15
DA:4,1160
DA:5,1160
DA:6,1160
DA:10,46824
DA:13,15
DA:14,15
DA:16,129
DA:17,129
DA:21,135
DA:25,129
DA:26,129
DA:27,128
DA:28,128
DA:29,128
DA:31,128
DA:32,128
DA:36,116
DA:37,116
DA:38,116
DA:40,116
DA:41,116
DA:45,232
DA:46,232
DA:47,232
DA:48,1160
DA:49,1160
DA:50,1160
DA:52,232
DA:56,244
DA:57,244
DA:58,244
DA:59,244
DA:61,244
DA:62,244
DA:63,1220
DA:64,1220
DA:66,1220
DA:67,1220
DA:69,1220
DA:70,1220
DA:71,1220
DA:74,244
LF:43
LH:43
BRDA:27,0,0,0
BRDA:28,1,0,0
BRDA:29,2,0,0
BRDA:32,3,0,0
BRDA:59,4,0,0
BRDA:70,5,0,640
BRF:6
BRH:1
end_of_record
TN:
SF:src/userPool/entities/Consumer.ts
FN:18,(anonymous_0)
FN:26,(anonymous_1)
FN:43,(anonymous_2)
FN:47,(anonymous_3)
FN:51,(anonymous_4)
FN:61,(anonymous_5)
FN:66,(anonymous_6)
FN:75,(anonymous_7)
FN:82,(anonymous_8)
FN:92,(anonymous_9)
FNF:10
FNH:10
FNDA:38,(anonymous_0)
FNDA:8,(anonymous_1)
FNDA:8,(anonymous_2)
FNDA:11,(anonymous_3)
FNDA:14,(anonymous_4)
FNDA:2,(anonymous_5)
FNDA:1,(anonymous_6)
FNDA:24,(anonymous_7)
FNDA:5,(anonymous_8)
FNDA:25,(anonymous_9)
DA:3,14
DA:4,14
DA:5,14
DA:6,14
DA:7,14
DA:9,14
DA:15,38
DA:19,38
DA:21,38
DA:22,36
DA:23,34
DA:27,8
DA:28,2
DA:30,6
DA:31,6
DA:32,0
DA:34,6
DA:39,6
DA:40,6
DA:44,8
DA:48,11
DA:52,14
DA:62,2
DA:63,2
DA:67,1
DA:68,0
DA:76,24
DA:77,24
DA:78,24
DA:79,24
DA:83,5
DA:84,5
DA:85,4
DA:88,1
DA:93,25
DA:94,25
LF:36
LH:34
BRDA:27,0,0,2
BRDA:31,1,0,0
BRDA:31,2,0,6
BRDA:31,2,1,6
BRDA:44,3,0,1
BRDA:44,3,1,7
BRDA:44,4,0,8
BRDA:44,4,1,8
BRDA:48,5,0,2
BRDA:48,5,1,9
BRDA:48,6,0,11
BRDA:48,6,1,11
BRDA:53,7,0,14
BRDA:53,7,1,0
BRDA:53,8,0,0
BRDA:53,8,1,14
BRDA:53,9,0,14
BRDA:53,9,1,14
BRDA:54,10,0,14
BRDA:54,10,1,0
BRDA:54,11,0,0
BRDA:54,11,1,14
BRDA:54,12,0,14
BRDA:54,12,1,14
BRDA:55,13,0,14
BRDA:55,13,1,0
BRDA:55,14,0,0
BRDA:55,14,1,14
BRDA:55,15,0,14
BRDA:55,15,1,14
BRDA:62,16,0,1
BRDA:62,16,1,1
BRDA:62,17,0,2
BRDA:62,17,1,2
BRDA:67,18,0,1
BRDA:69,19,0,0
BRDA:69,19,1,0
BRDA:69,20,0,0
BRDA:69,20,1,0
BRDA:70,21,0,0
BRDA:70,21,1,0
BRDA:70,22,0,0
BRDA:70,22,1,0
BRDA:71,23,0,0
BRDA:71,23,1,0
BRDA:71,24,0,0
BRDA:71,24,1,0
BRDA:76,25,0,0
BRDA:84,26,0,5
BRDA:84,26,1,0
BRDA:84,27,0,0
BRDA:84,27,1,5
BRDA:84,28,0,5
BRDA:84,28,1,5
BRDA:93,29,0,0
BRDA:93,30,0,25
BRDA:93,30,1,25
BRDA:93,30,2,25
BRF:58
BRH:35
end_of_record
TN:
SF:src/userPool/entities/Email.ts
FN:6,(anonymous_0)
FN:10,(anonymous_1)
FN:14,(anonymous_2)
FNF:3
FNH:3
FNDA:45,(anonymous_0)
FNDA:17,(anonymous_1)
FNDA:45,(anonymous_2)
DA:1,15
DA:3,15
DA:4,45
DA:6,45
DA:7,45
DA:11,17
DA:15,45
DA:16,45
DA:19,43
DA:22,8
LF:10
LH:10
BRDA:19,0,0,6
BRF:1
BRH:1
end_of_record
TN:
SF:src/userPool/entities/Group.ts
FN:11,(anonymous_0)
FN:17,(anonymous_1)
FNF:2
FNH:2
FNDA:9,(anonymous_0)
FNDA:4,(anonymous_1)
DA:2,13
DA:3,13
DA:6,13
DA:11,9
DA:12,9
DA:13,6
DA:14,6
DA:18,4
LF:8
LH:8
BRDA:13,0,0,6
BRDA:13,0,1,3
BRDA:22,1,0,4
BRDA:22,1,1,3
BRF:4
BRH:4
end_of_record
TN:
SF:src/userPool/entities/Host.ts
FN:5,(anonymous_0)
FN:9,(anonymous_1)
FN:17,(anonymous_2)
FNF:3
FNH:3
FNDA:60,(anonymous_0)
FNDA:60,(anonymous_1)
FNDA:16,(anonymous_2)
DA:1,15
DA:3,15
DA:5,60
DA:6,60
DA:10,60
DA:11,60
DA:13,57
DA:14,57
DA:18,16
LF:9
LH:9
BRDA:11,0,0,3
BRDA:11,1,0,60
BRDA:11,1,1,57
BRDA:14,2,0,1
BRF:4
BRH:4
end_of_record
TN:
SF:src/userPool/entities/Master.ts
FN:9,(anonymous_0)
FN:16,(anonymous_1)
FN:24,(anonymous_2)
FN:34,(anonymous_3)
FN:39,(anonymous_4)
FNF:5
FNH:5
FNDA:22,(anonymous_0)
FNDA:7,(anonymous_1)
FNDA:15,(anonymous_2)
FNDA:7,(anonymous_3)
FNDA:14,(anonymous_4)
DA:1,14
DA:2,14
DA:6,14
DA:10,22
DA:11,22
DA:13,22
DA:17,7
DA:18,3
DA:20,4
DA:21,4
DA:25,15
DA:26,15
DA:27,12
DA:30,3
DA:35,7
DA:39,14
DA:40,14
DA:41,14
LF:18
LH:18
BRDA:17,0,0,3
BRDA:39,1,0,14
BRDA:39,1,1,14
BRF:3
BRH:3
end_of_record
TN:
SF:src/userPool/entities/NumberInput.ts
FN:4,(anonymous_0)
FN:9,(anonymous_1)
FN:14,(anonymous_2)
FNF:3
FNH:3
FNDA:6,(anonymous_0)
FNDA:6,(anonymous_1)
FNDA:4,(anonymous_2)
DA:1,13
DA:3,13
DA:4,6
DA:5,6
DA:6,6
DA:10,6
DA:11,5
DA:15,4
LF:8
LH:8
BRDA:4,0,0,6
BRDA:6,1,0,0
BRDA:10,2,0,1
BRF:3
BRH:2
end_of_record
TN:
SF:src/userPool/entities/Origin.ts
FN:7,(anonymous_0)
FN:10,(anonymous_1)
FN:15,(anonymous_2)
FN:16,(anonymous_3)
FNF:4
FNH:4
FNDA:45,(anonymous_0)
FNDA:60,(anonymous_1)
FNDA:14,(anonymous_2)
FNDA:16,(anonymous_3)
DA:1,15
DA:2,15
DA:4,15
DA:5,45
DA:7,45
DA:8,45
DA:9,43
DA:10,42
DA:11,60
DA:16,16
LF:10
LH:10
BRDA:8,0,0,2
BRDA:9,1,0,1
BRF:2
BRH:2
end_of_record
TN:
SF:src/userPool/entities/TextInput.ts
FN:4,(anonymous_0)
FN:9,(anonymous_1)
FN:13,(anonymous_2)
FN:19,(anonymous_3)
FNF:4
FNH:4
FNDA:106,(anonymous_0)
FNDA:139,(anonymous_1)
FNDA:95,(anonymous_2)
FNDA:1,(anonymous_3)
DA:1,15
DA:3,15
DA:4,106
DA:5,106
DA:6,106
DA:10,139
DA:14,95
DA:15,95
DA:16,90
DA:20,1
DA:21,1
DA:22,1
DA:23,0
LF:13
LH:12
BRDA:6,0,0,2
BRDA:6,1,0,106
BRDA:6,1,1,3
BRDA:15,2,0,5
BRDA:22,3,0,1
BRF:5
BRH:5
end_of_record
TN:
SF:src/userPool/entities/Tokenizer.ts
FN:7,(anonymous_1)
FN:11,(anonymous_2)
FN:22,(anonymous_3)
FNF:3
FNH:3
FNDA:13,(anonymous_1)
FNDA:22,(anonymous_2)
FNDA:5,(anonymous_3)
DA:1,16
DA:2,16
DA:6,16
DA:8,13
DA:12,22
DA:13,22
DA:14,17
DA:15,17
DA:18,5
DA:23,5
DA:24,5
DA:25,5
DA:28,0
LF:13
LH:12
BRDA:14,0,0,0
BRDA:14,0,1,17
BRF:2
BRH:1
end_of_record
TN:
SF:src/userPool/entities/WebError.ts
FN:7,(anonymous_0)
FN:14,(anonymous_1)
FN:18,(anonymous_2)
FN:22,(anonymous_3)
FN:31,(anonymous_4)
FNF:5
FNH:3
FNDA:0,(anonymous_0)
FNDA:47,(anonymous_1)
FNDA:0,(anonymous_2)
FNDA:9,(anonymous_3)
FNDA:18,(anonymous_4)
DA:7,20
DA:8,0
DA:11,20
DA:12,47
DA:14,47
DA:15,47
DA:19,0
DA:23,9
DA:24,9
DA:25,0
DA:27,9
DA:28,9
DA:32,18
LF:13
LH:10
BRDA:14,0,0,0
BRF:1
BRH:0
end_of_record
TN:
SF:src/userPool/entities/index.ts
FNF:0
FNH:0
DA:1,13
DA:2,13
DA:3,13
LF:3
LH:3
BRF:0
BRH:0
end_of_record
TN:
SF:src/userPool/interfaces/index.ts
FNF:0
FNH:0
DA:1,13
DA:2,13
DA:3,13
DA:4,13
DA:5,13
DA:6,13
DA:7,13
DA:8,13
DA:9,13
DA:10,13
DA:11,13
DA:12,13
DA:13,13
LF:13
LH:13
BRF:0
BRH:0
end_of_record
TN:
SF:src/userPool/uses/authConsumer.ts
FN:8,authConsumer
FNF:1
FNH:1
FNDA:6,authConsumer
DA:2,13
DA:8,13
DA:9,6
DA:10,6
DA:11,6
DA:12,5
DA:13,4
DA:16,2
LF:8
LH:8
BRF:0
BRH:0
end_of_record
TN:
SF:src/userPool/uses/authMaster.ts
FN:9,authMaster
FNF:1
FNH:1
FNDA:5,authMaster
DA:1,13
DA:3,13
DA:9,13
DA:13,5
DA:14,5
DA:15,5
DA:16,5
DA:17,3
LF:8
LH:8
BRDA:11,0,0,2
BRF:1
BRH:1
end_of_record
TN:
SF:src/userPool/uses/getConsumersStats.ts
FN:7,getConsumersStats
FN:10,(anonymous_9)
FNF:2
FNH:2
FNDA:3,getConsumersStats
FNDA:1,(anonymous_9)
DA:7,13
DA:8,3
DA:9,3
DA:10,3
DA:11,1
DA:13,3
DA:14,3
DA:15,3
DA:17,3
LF:9
LH:9
BRF:0
BRH:0
end_of_record
TN:
SF:src/userPool/uses/index.ts
FNF:0
FNH:0
DA:1,13
DA:2,13
DA:3,13
DA:4,13
DA:5,13
DA:6,13
DA:7,13
DA:10,13
DA:11,13
DA:12,13
DA:13,13
DA:14,13
DA:15,13
DA:16,13
LF:14
LH:14
BRF:0
BRH:0
end_of_record
TN:
SF:src/userPool/uses/registerConsumer.ts
FN:12,registerConsumer
FNF:1
FNH:1
FNDA:14,registerConsumer
DA:1,13
DA:12,13
DA:13,14
DA:14,9
DA:16,9
DA:17,8
DA:19,8
LF:7
LH:7
BRF:0
BRH:0
end_of_record
TN:
SF:src/userPool/uses/registerGroup.ts
FN:8,registerGroup
FNF:1
FNH:1
FNDA:6,registerGroup
DA:1,13
DA:8,13
DA:9,6
DA:10,6
DA:11,4
DA:12,4
LF:6
LH:6
BRF:0
BRH:0
end_of_record
TN:
SF:src/userPool/uses/validateConsumerToken.ts
FN:8,validateConsumerToken
FNF:1
FNH:1
FNDA:5,validateConsumerToken
DA:1,13
DA:8,13
DA:9,5
DA:10,5
DA:11,5
DA:12,5
DA:13,5
DA:14,3
DA:17,2
LF:9
LH:9
BRDA:13,0,0,2
BRDA:13,0,1,3
BRDA:13,1,0,5
BRDA:13,1,1,3
BRF:4
BRH:4
end_of_record
TN:
SF:src/userPool/uses/validateMasterToken.ts
FN:9,validateMasterToken
FNF:1
FNH:1
FNDA:15,validateMasterToken
DA:1,13
DA:2,13
DA:9,13
DA:13,15
DA:14,15
DA:15,15
DA:16,15
LF:7
LH:7
BRDA:11,0,0,13
BRF:1
BRH:1
end_of_record
TN:
SF:src/utils/createRoutePath.ts
FN:3,(anonymous_1)
FNF:1
FNH:1
FNDA:15,(anonymous_1)
DA:1,5
DA:3,5
DA:4,15
DA:5,15
DA:6,15
LF:5
LH:5
BRF:0
BRH:0
end_of_record
TN:
SF:tests/mocks/acessKey.ts
FNF:0
FNH:0
DA:1,1
DA:5,1
LF:2
LH:2
BRF:0
BRH:0
end_of_record
TN:
SF:tests/mocks/consumerInputPayload.ts
FNF:0
FNH:0
DA:3,2
DA:11,2
LF:2
LH:2
BRF:0
BRH:0
end_of_record
TN:
SF:tests/mocks/masterAccessToken.ts
FNF:0
FNH:0
DA:1,2
DA:2,2
DA:3,2
DA:4,2
LF:4
LH:4
BRF:0
BRH:0
end_of_record
TN:
SF:tests/mocks/mockConfigurationRepository.ts
FN:3,(anonymous_7)
FN:9,(anonymous_8)
FN:13,(anonymous_10)
FN:17,(anonymous_12)
FN:20,(anonymous_14)
FNF:5
FNH:3
FNDA:3,(anonymous_7)
FNDA:11,(anonymous_8)
FNDA:2,(anonymous_10)
FNDA:0,(anonymous_12)
FNDA:0,(anonymous_14)
DA:3,2
DA:4,3
DA:10,11
DA:14,2
DA:18,0
DA:21,0
LF:6
LH:4
BRF:0
BRH:0
end_of_record
